
UsersController
  GET #edit
    ログインユーザーの場合
[31m      レスポンスが成功すること (FAILED - 1)[0m
[31m      @userが正しく設定されていること (FAILED - 2)[0m

Bookモデルのテスト
  バリデーションのテスト
    titleカラム
[31m      空欄でないこと (FAILED - 3)[0m
    bodyカラム
[31m      空欄でないこと (FAILED - 4)[0m
[31m      200文字以下であること: 200文字は〇 (FAILED - 5)[0m
[31m      200文字以下であること: 201文字は× (FAILED - 6)[0m
  アソシエーションのテスト
    Userモデルとの関係
[32m      N:1となっている[0m

Userモデルのテスト
  バリデーションのテスト
    nameカラム
[31m      空欄でないこと (FAILED - 7)[0m
[31m      2文字以上であること: 1文字は× (FAILED - 8)[0m
[31m      2文字以上であること: 2文字は〇 (FAILED - 9)[0m
[31m      20文字以下であること: 20文字は〇 (FAILED - 10)[0m
[31m      20文字以下であること: 21文字は× (FAILED - 11)[0m
[31m      一意性があること (FAILED - 12)[0m
    introductionカラム
[31m      50文字以下であること: 50文字は〇 (FAILED - 13)[0m
[31m      50文字以下であること: 51文字は× (FAILED - 14)[0m
  アソシエーションのテスト
    Bookモデルとの関係
[32m      1:Nとなっている[0m

[STEP1] ユーザログイン前のテスト
  トップ画面のテスト
    表示内容の確認
[32m      URLが正しい[0m
[32m      Log inリンクが表示される: 青色のボタンの表示が「Log in」である[0m
[32m      Log inリンクの内容が正しい[0m
[32m      Sign upリンクが表示される: 緑色のボタンの表示が「Sign up」である[0m
[32m      Sign upリンクの内容が正しい[0m
  アバウト画面のテスト
    表示内容の確認
[31m      URLが正しい (FAILED - 15)[0m
  ヘッダーのテスト: ログインしていない場合
    表示内容の確認
[32m      Bookersリンクが表示される: 左上から1番目のリンクが「Bookers」である[0m
[32m      Homeリンクが表示される: 左上から2番目のリンクが「Home」である[0m
[32m      Aboutリンクが表示される: 左上から3番目のリンクが「About」である[0m
[32m      Sign upリンクが表示される: 左上から4番目のリンクが「Sign up」である[0m
[32m      Log inリンクが表示される: 左上から5番目のリンクが「Log in」である[0m
    リンクの内容を確認
[32m      Bookersを押すと、トップ画面に遷移する[0m
[32m      Homeを押すと、トップ画面に遷移する[0m
[31m      Aboutを押すと、アバウト画面に遷移する (FAILED - 16)[0m
[32m      Sign upを押すと、新規登録画面に遷移する[0m
[32m      Log inを押すと、ログイン画面に遷移する[0m
  ユーザ新規登録のテスト
    表示内容の確認
[32m      URLが正しい[0m
[32m      「Sign up」と表示される[0m
[32m      nameフォームが表示される[0m
[32m      emailフォームが表示される[0m
[32m      passwordフォームが表示される[0m
[32m      password_confirmationフォームが表示される[0m
[32m      Sign upボタンが表示される[0m
    新規登録成功のテスト
[32m      正しく新規登録される[0m
[32m      新規登録後のリダイレクト先が、新規登録できたユーザの詳細画面になっている[0m
  ユーザログイン
    表示内容の確認
[32m      URLが正しい[0m
[32m      「Log in」と表示される[0m
[32m      nameフォームが表示される[0m
[32m      passwordフォームが表示される[0m
[32m      Log inボタンが表示される[0m
[32m      emailフォームは表示されない[0m
    ログイン成功のテスト
[31m      ログイン後のリダイレクト先が、ログインしたユーザの詳細画面になっている (FAILED - 17)[0m
    ログイン失敗のテスト
[32m      ログインに失敗し、ログイン画面にリダイレクトされる[0m
  ヘッダーのテスト: ログインしている場合
    ヘッダーの表示を確認
[31m      Bookersリンクが表示される: 左上から1番目のリンクが「Bookers」である (FAILED - 18)[0m
[31m      Homeリンクが表示される: 左上から2番目のリンクが「Home」である (FAILED - 19)[0m
[31m      Usersリンクが表示される: 左上から3番目のリンクが「Users」である (FAILED - 20)[0m
[31m      Booksリンクが表示される: 左上から4番目のリンクが「Books」である (FAILED - 21)[0m
[31m      Log outリンクが表示される: 左上から5番目のリンクが「Log out」である (FAILED - 22)[0m
  ユーザログアウトのテスト
    ログアウト機能のテスト
[31m      正しくログアウトできている: ログアウト後のリダイレクト先においてAbout画面へのリンクが存在する (FAILED - 23)[0m
[31m      ログアウト後のリダイレクト先が、トップになっている (FAILED - 24)[0m

[STEP2] ユーザログイン後のテスト
  ヘッダーのテスト: ログインしている場合
    リンクの内容を確認: ※logoutは『ユーザログアウトのテスト』でテスト済みになります。
[31m      Homeを押すと、自分のユーザ詳細画面に遷移する (FAILED - 25)[0m
[31m      Usersを押すと、ユーザ一覧画面に遷移する (FAILED - 26)[0m
[31m      Booksを押すと、投稿一覧画面に遷移する (FAILED - 27)[0m
  投稿一覧画面のテスト
    表示内容の確認
[31m      URLが正しい (FAILED - 28)[0m
[31m      自分と他人の画像のリンク先が正しい (FAILED - 29)[0m
[31m      自分の投稿と他人の投稿のタイトルのリンク先がそれぞれ正しい (FAILED - 30)[0m
[31m      自分の投稿と他人の投稿のオピニオンが表示される (FAILED - 31)[0m
    サイドバーの確認
[31m      自分の名前と紹介文が表示される (FAILED - 32)[0m
[31m      自分のユーザ編集画面へのリンクが存在する (FAILED - 33)[0m
[31m      「New book」と表示される (FAILED - 34)[0m
[31m      titleフォームが表示される (FAILED - 35)[0m
[31m      titleフォームに値が入っていない (FAILED - 36)[0m
[31m      bodyフォームが表示される (FAILED - 37)[0m
[31m      bodyフォームに値が入っていない (FAILED - 38)[0m
[31m      Create Bookボタンが表示される (FAILED - 39)[0m
    投稿成功のテスト
[31m      自分の新しい投稿が正しく保存される (FAILED - 40)[0m
[31m      リダイレクト先が、保存できた投稿の詳細画面になっている (FAILED - 41)[0m
  自分の投稿詳細画面のテスト
    表示内容の確認
[31m      URLが正しい (FAILED - 42)[0m
[31m      「Book detail」と表示される (FAILED - 43)[0m
[31m      ユーザ画像・名前のリンク先が正しい (FAILED - 44)[0m
[31m      投稿のtitleが表示される (FAILED - 45)[0m
[31m      投稿のbodyが表示される (FAILED - 46)[0m
[31m      投稿の編集リンクが表示される (FAILED - 47)[0m
[31m      投稿の削除リンクが表示される (FAILED - 48)[0m
    サイドバーの確認
[31m      自分の名前と紹介文が表示される (FAILED - 49)[0m
[31m      自分のユーザ編集画面へのリンクが存在する (FAILED - 50)[0m
[31m      「New book」と表示される (FAILED - 51)[0m
[31m      titleフォームが表示される (FAILED - 52)[0m
[31m      titleフォームに値が入っていない (FAILED - 53)[0m
[31m      bodyフォームが表示される (FAILED - 54)[0m
[31m      bodyフォームに値が入っていない (FAILED - 55)[0m
[31m      Create Bookボタンが表示される (FAILED - 56)[0m
    投稿成功のテスト
[31m      自分の新しい投稿が正しく保存される (FAILED - 57)[0m
    編集リンクのテスト
[31m      編集画面に遷移する (FAILED - 58)[0m
    削除リンクのテスト
[31m      application.html.erbにjavascript_pack_tagを含んでいる (FAILED - 59)[0m
[31m      正しく削除される (FAILED - 60)[0m
[31m      リダイレクト先が、投稿一覧画面になっている (FAILED - 61)[0m
  自分の投稿編集画面のテスト
    表示の確認
[31m      URLが正しい (FAILED - 62)[0m
[31m      「Editing Book」と表示される (FAILED - 63)[0m
[31m      title編集フォームが表示される (FAILED - 64)[0m
[31m      body編集フォームが表示される (FAILED - 65)[0m
[31m      Update Bookボタンが表示される (FAILED - 66)[0m
[31m      Showリンクが表示される (FAILED - 67)[0m
[31m      Backリンクが表示される (FAILED - 68)[0m
    編集成功のテスト
[31m      titleが正しく更新される (FAILED - 69)[0m
[31m      bodyが正しく更新される (FAILED - 70)[0m
[31m      リダイレクト先が、更新した投稿の詳細画面になっている (FAILED - 71)[0m
  ユーザ一覧画面のテスト
    表示内容の確認
[31m      URLが正しい (FAILED - 72)[0m
[31m      自分と他人の画像が表示される: fallbackの画像がサイドバーの1つ＋一覧(2人)の2つの計3つ存在する (FAILED - 73)[0m
[31m      自分と他人の名前がそれぞれ表示される (FAILED - 74)[0m
[31m      自分と他人のshowリンクがそれぞれ表示される (FAILED - 75)[0m
    サイドバーの確認
[31m      自分の名前と紹介文が表示される (FAILED - 76)[0m
[31m      自分のユーザ編集画面へのリンクが存在する (FAILED - 77)[0m
[31m      「New book」と表示される (FAILED - 78)[0m
[31m      titleフォームが表示される (FAILED - 79)[0m
[31m      titleフォームに値が入っていない (FAILED - 80)[0m
[31m      bodyフォームが表示される (FAILED - 81)[0m
[31m      bodyフォームに値が入っていない (FAILED - 82)[0m
[31m      Create Bookボタンが表示される (FAILED - 83)[0m
  自分のユーザ詳細画面のテスト
    表示の確認
[31m      URLが正しい (FAILED - 84)[0m
[31m      投稿一覧のユーザ画像のリンク先が正しい (FAILED - 85)[0m
[31m      投稿一覧に自分の投稿のtitleが表示され、リンクが正しい (FAILED - 86)[0m
[31m      投稿一覧に自分の投稿のbodyが表示される (FAILED - 87)[0m
[31m      他人の投稿は表示されない (FAILED - 88)[0m
    サイドバーの確認
[31m      自分の名前と紹介文が表示される (FAILED - 89)[0m
[31m      自分のユーザ編集画面へのリンクが存在する (FAILED - 90)[0m
[31m      「New book」と表示される (FAILED - 91)[0m
[31m      titleフォームが表示される (FAILED - 92)[0m
[31m      titleフォームに値が入っていない (FAILED - 93)[0m
[31m      bodyフォームが表示される (FAILED - 94)[0m
[31m      bodyフォームに値が入っていない (FAILED - 95)[0m
[31m      Create Bookボタンが表示される (FAILED - 96)[0m
  自分のユーザ情報編集画面のテスト
    表示の確認
[31m      URLが正しい (FAILED - 97)[0m
[31m      名前編集フォームに自分の名前が表示される (FAILED - 98)[0m
[31m      画像編集フォームが表示される (FAILED - 99)[0m
[31m      自己紹介編集フォームに自分の自己紹介文が表示される (FAILED - 100)[0m
[31m      Update Userボタンが表示される (FAILED - 101)[0m
    更新成功のテスト
[31m      nameが正しく更新される (FAILED - 102)[0m
[31m      introductionが正しく更新される (FAILED - 103)[0m
[31m      リダイレクト先が、自分のユーザ詳細画面になっている (FAILED - 104)[0m

[STEP3] 仕上げのテスト
  サクセスメッセージのテスト
[31m    ユーザ新規登録成功時 (FAILED - 105)[0m
[31m    ユーザログイン成功時 (FAILED - 106)[0m
[31m    ユーザログアウト成功時 (FAILED - 107)[0m
[31m    ユーザのプロフィール情報更新成功時 (FAILED - 108)[0m
[31m    投稿データの新規投稿成功時: 投稿一覧画面から行います。 (FAILED - 109)[0m
[31m    投稿データの更新成功時 (FAILED - 110)[0m
  処理失敗時のテスト
    ユーザ新規登録失敗: nameを1文字にする
[31m      新規登録されない (FAILED - 111)[0m
[31m      新規登録画面を表示しており、フォームの内容が正しい (FAILED - 112)[0m
[31m      バリデーションエラーが表示される (FAILED - 113)[0m
    ユーザのプロフィール情報編集失敗: nameを1文字にする
[31m      更新されない (FAILED - 114)[0m
[31m      ユーザ編集画面を表示しており、フォームの内容が正しい (FAILED - 115)[0m
[31m      バリデーションエラーが表示される (FAILED - 116)[0m
    投稿データの新規投稿失敗: 投稿一覧画面から行い、titleを空にする
[31m      投稿が保存されない (FAILED - 117)[0m
[31m      投稿一覧画面を表示している (FAILED - 118)[0m
[31m      新規投稿フォームの内容が正しい (FAILED - 119)[0m
[31m      バリデーションエラーが表示される (FAILED - 120)[0m
    投稿データの更新失敗: titleを空にする
[31m      投稿が更新されない (FAILED - 121)[0m
[31m      投稿編集画面を表示しており、フォームの内容が正しい (FAILED - 122)[0m
[31m      エラーメッセージが表示される (FAILED - 123)[0m
  ログインしていない場合のアクセス制限のテスト: アクセスできず、ログイン画面に遷移する
[31m    ユーザ一覧画面 (FAILED - 124)[0m
[31m    ユーザ詳細画面 (FAILED - 125)[0m
[31m    ユーザ情報編集画面 (FAILED - 126)[0m
[31m    投稿一覧画面 (FAILED - 127)[0m
[31m    投稿詳細画面 (FAILED - 128)[0m
[31m    投稿編集画面 (FAILED - 129)[0m
  他人の画面のテスト
    他人の投稿詳細画面のテスト
      表示内容の確認
[31m        URLが正しい (FAILED - 130)[0m
[31m        「Book detail」と表示される (FAILED - 131)[0m
[31m        ユーザ画像・名前のリンク先が正しい (FAILED - 132)[0m
[31m        投稿のtitleが表示される (FAILED - 133)[0m
[31m        投稿のopinionが表示される (FAILED - 134)[0m
[31m        投稿の編集リンクが表示されない (FAILED - 135)[0m
[31m        投稿の削除リンクが表示されない (FAILED - 136)[0m
      サイドバーの確認
[31m        他人の名前と紹介文が表示される (FAILED - 137)[0m
[31m        他人のユーザ編集画面へのリンクが存在する (FAILED - 138)[0m
[31m        自分の名前と紹介文は表示されない (FAILED - 139)[0m
[31m        自分のユーザ編集画面へのリンクは存在しない (FAILED - 140)[0m
    他人の投稿編集画面
[31m      遷移できず、投稿一覧画面にリダイレクトされる (FAILED - 141)[0m
    他人のユーザ詳細画面のテスト
      表示の確認
[31m        URLが正しい (FAILED - 142)[0m
[31m        投稿一覧のユーザ画像のリンク先が正しい (FAILED - 143)[0m
[31m        投稿一覧に他人の投稿のtitleが表示され、リンクが正しい (FAILED - 144)[0m
[31m        投稿一覧に他人の投稿のopinionが表示される (FAILED - 145)[0m
[31m        自分の投稿は表示されない (FAILED - 146)[0m
      サイドバーの確認
[31m        他人の名前と紹介文が表示される (FAILED - 147)[0m
[31m        他人のユーザ編集画面へのリンクが存在する (FAILED - 148)[0m
[31m        自分の名前と紹介文は表示されない (FAILED - 149)[0m
[31m        自分のユーザ編集画面へのリンクは存在しない (FAILED - 150)[0m
    他人のユーザ情報編集画面
[31m      遷移できず、自分のユーザ詳細画面にリダイレクトされる (FAILED - 151)[0m
  グリッドシステムのテスト: container, row, col-md-〇を正しく使えている
[31m    ユーザ一覧画面 (FAILED - 152)[0m
[31m    ユーザ詳細画面 (FAILED - 153)[0m
[31m    投稿一覧画面 (FAILED - 154)[0m
[31m    投稿詳細画面 (FAILED - 155)[0m
  アイコンのテスト
    トップ画面
[31m      本のアイコンが表示される (FAILED - 156)[0m
    アバウト画面
[31m      本のアイコンが表示される (FAILED - 157)[0m
    ヘッダー: ログインしていない場合
[31m      Homeリンクのアイコンが表示される (FAILED - 158)[0m
[31m      Aboutリンクのアイコンが表示される (FAILED - 159)[0m
[31m      Sign upリンクのアイコンが表示される (FAILED - 160)[0m
[31m      Log inリンクのアイコンが表示される (FAILED - 161)[0m
    ヘッダー: ログインしている場合
[31m      Homeリンクのアイコンが表示される (FAILED - 162)[0m
[31m      Usersリンクのアイコンが表示される (FAILED - 163)[0m
[31m      Booksリンクのアイコンが表示される (FAILED - 164)[0m
[31m      Log outリンクのアイコンが表示される (FAILED - 165)[0m
    サイドバー
[31m      ユーザ一覧画面でレンチアイコンが表示される (FAILED - 166)[0m
[31m      ユーザ詳細画面でレンチアイコンが表示される (FAILED - 167)[0m
[31m      投稿一覧画面でレンチアイコンが表示される (FAILED - 168)[0m
[31m      投稿詳細画面でレンチアイコンが表示される (FAILED - 169)[0m

Failures:

  1) UsersController GET #edit ログインユーザーの場合 レスポンスが成功すること
     [31mFailure/Error: user.profile_image.attach(io: File.open('spec/images/profile_image.jpeg'), filename: 'profile_image.jpeg', content_type: 'application/xlsx')[0m
     [31m[0m
     [31mNoMethodError:[0m
     [31m  undefined method `profile_image' for #<User id: nil, email: "tennie@jacobson-haley.test", name: "gn64hcx0gv", introduction: "zmxbv1htrttxxey0ewtb", created_at: nil, updated_at: nil>[0m
     [36m# ./spec/factories/users.rb:10:in `block (3 levels) in <main>'[0m
     [36m# ./spec/controllers/users_controller_spec.rb:4:in `block (2 levels) in <top (required)>'[0m

  2) UsersController GET #edit ログインユーザーの場合 @userが正しく設定されていること
     [31mFailure/Error: user.profile_image.attach(io: File.open('spec/images/profile_image.jpeg'), filename: 'profile_image.jpeg', content_type: 'application/xlsx')[0m
     [31m[0m
     [31mNoMethodError:[0m
     [31m  undefined method `profile_image' for #<User id: nil, email: "timmy.hamill@heller.example", name: "tkeuclha5z", introduction: "j1z6ssgb3e67fdpfygj3", created_at: nil, updated_at: nil>[0m
     [36m# ./spec/factories/users.rb:10:in `block (3 levels) in <main>'[0m
     [36m# ./spec/controllers/users_controller_spec.rb:4:in `block (2 levels) in <top (required)>'[0m

  3) Bookモデルのテスト バリデーションのテスト titleカラム 空欄でないこと
     [31mFailure/Error: user.profile_image.attach(io: File.open('spec/images/profile_image.jpeg'), filename: 'profile_image.jpeg', content_type: 'application/xlsx')[0m
     [31m[0m
     [31mNoMethodError:[0m
     [31m  undefined method `profile_image' for #<User id: nil, email: "lenard@schmitt.test", name: "gzk6rikwql", introduction: "qn87h3r2hqojo9iyd2e3", created_at: nil, updated_at: nil>[0m
     [36m# ./spec/factories/users.rb:10:in `block (3 levels) in <main>'[0m
     [36m# ./spec/models/book_spec.rb:7:in `block (3 levels) in <main>'[0m
     [36m# ./spec/models/book_spec.rb:8:in `block (3 levels) in <main>'[0m

  4) Bookモデルのテスト バリデーションのテスト bodyカラム 空欄でないこと
     [31mFailure/Error: user.profile_image.attach(io: File.open('spec/images/profile_image.jpeg'), filename: 'profile_image.jpeg', content_type: 'application/xlsx')[0m
     [31m[0m
     [31mNoMethodError:[0m
     [31m  undefined method `profile_image' for #<User id: nil, email: "eartha@bradtke-kub.test", name: "9za11c8mx4", introduction: "khnh3smt7wi4z9fat6xg", created_at: nil, updated_at: nil>[0m
     [36m# ./spec/factories/users.rb:10:in `block (3 levels) in <main>'[0m
     [36m# ./spec/models/book_spec.rb:7:in `block (3 levels) in <main>'[0m
     [36m# ./spec/models/book_spec.rb:8:in `block (3 levels) in <main>'[0m

  5) Bookモデルのテスト バリデーションのテスト bodyカラム 200文字以下であること: 200文字は〇
     [31mFailure/Error: user.profile_image.attach(io: File.open('spec/images/profile_image.jpeg'), filename: 'profile_image.jpeg', content_type: 'application/xlsx')[0m
     [31m[0m
     [31mNoMethodError:[0m
     [31m  undefined method `profile_image' for #<User id: nil, email: "cory.feil@goyette-koss.example", name: "thcfi1nwx8", introduction: "4up2tmvqivim60pvf952", created_at: nil, updated_at: nil>[0m
     [36m# ./spec/factories/users.rb:10:in `block (3 levels) in <main>'[0m
     [36m# ./spec/models/book_spec.rb:7:in `block (3 levels) in <main>'[0m
     [36m# ./spec/models/book_spec.rb:8:in `block (3 levels) in <main>'[0m

  6) Bookモデルのテスト バリデーションのテスト bodyカラム 200文字以下であること: 201文字は×
     [31mFailure/Error: user.profile_image.attach(io: File.open('spec/images/profile_image.jpeg'), filename: 'profile_image.jpeg', content_type: 'application/xlsx')[0m
     [31m[0m
     [31mNoMethodError:[0m
     [31m  undefined method `profile_image' for #<User id: nil, email: "loyd_reynolds@bosco.example", name: "1eht2blnsf", introduction: "8g5w0l8ipv6x8vnq3xcz", created_at: nil, updated_at: nil>[0m
     [36m# ./spec/factories/users.rb:10:in `block (3 levels) in <main>'[0m
     [36m# ./spec/models/book_spec.rb:7:in `block (3 levels) in <main>'[0m
     [36m# ./spec/models/book_spec.rb:8:in `block (3 levels) in <main>'[0m

  7) Userモデルのテスト バリデーションのテスト nameカラム 空欄でないこと
     [31mFailure/Error: user.profile_image.attach(io: File.open('spec/images/profile_image.jpeg'), filename: 'profile_image.jpeg', content_type: 'application/xlsx')[0m
     [31m[0m
     [31mNoMethodError:[0m
     [31m  undefined method `profile_image' for #<User id: nil, email: "oliva_tromp@kessler-schaefer.test", name: "3tmjnowxc7", introduction: "88xnpbg44dax39ok5qvo", created_at: nil, updated_at: nil>[0m
     [36m# ./spec/factories/users.rb:10:in `block (3 levels) in <main>'[0m
     [36m# ./spec/models/user_spec.rb:7:in `block (3 levels) in <main>'[0m

  8) Userモデルのテスト バリデーションのテスト nameカラム 2文字以上であること: 1文字は×
     [31mFailure/Error: user.profile_image.attach(io: File.open('spec/images/profile_image.jpeg'), filename: 'profile_image.jpeg', content_type: 'application/xlsx')[0m
     [31m[0m
     [31mNoMethodError:[0m
     [31m  undefined method `profile_image' for #<User id: nil, email: "magnolia_hayes@connelly-lockman.test", name: "dszcd82wom", introduction: "c4cpo3c6o91y89p0pq41", created_at: nil, updated_at: nil>[0m
     [36m# ./spec/factories/users.rb:10:in `block (3 levels) in <main>'[0m
     [36m# ./spec/models/user_spec.rb:7:in `block (3 levels) in <main>'[0m

  9) Userモデルのテスト バリデーションのテスト nameカラム 2文字以上であること: 2文字は〇
     [31mFailure/Error: user.profile_image.attach(io: File.open('spec/images/profile_image.jpeg'), filename: 'profile_image.jpeg', content_type: 'application/xlsx')[0m
     [31m[0m
     [31mNoMethodError:[0m
     [31m  undefined method `profile_image' for #<User id: nil, email: "karan@mosciski.example", name: "5559dxb9ib", introduction: "cbf0wp0tu7uoowokdsk0", created_at: nil, updated_at: nil>[0m
     [36m# ./spec/factories/users.rb:10:in `block (3 levels) in <main>'[0m
     [36m# ./spec/models/user_spec.rb:7:in `block (3 levels) in <main>'[0m

  10) Userモデルのテスト バリデーションのテスト nameカラム 20文字以下であること: 20文字は〇
      [31mFailure/Error: user.profile_image.attach(io: File.open('spec/images/profile_image.jpeg'), filename: 'profile_image.jpeg', content_type: 'application/xlsx')[0m
      [31m[0m
      [31mNoMethodError:[0m
      [31m  undefined method `profile_image' for #<User id: nil, email: "hosea@boyer-oberbrunner.example", name: "kjmh61nc8w", introduction: "zsyyu0ue8nhl7w8n1s7y", created_at: nil, updated_at: nil>[0m
      [36m# ./spec/factories/users.rb:10:in `block (3 levels) in <main>'[0m
      [36m# ./spec/models/user_spec.rb:7:in `block (3 levels) in <main>'[0m

  11) Userモデルのテスト バリデーションのテスト nameカラム 20文字以下であること: 21文字は×
      [31mFailure/Error: user.profile_image.attach(io: File.open('spec/images/profile_image.jpeg'), filename: 'profile_image.jpeg', content_type: 'application/xlsx')[0m
      [31m[0m
      [31mNoMethodError:[0m
      [31m  undefined method `profile_image' for #<User id: nil, email: "sigrid@kuvalis.test", name: "3i872haojc", introduction: "ufgvib4j1ttkvi9a4omh", created_at: nil, updated_at: nil>[0m
      [36m# ./spec/factories/users.rb:10:in `block (3 levels) in <main>'[0m
      [36m# ./spec/models/user_spec.rb:7:in `block (3 levels) in <main>'[0m

  12) Userモデルのテスト バリデーションのテスト nameカラム 一意性があること
      [31mFailure/Error: user.profile_image.attach(io: File.open('spec/images/profile_image.jpeg'), filename: 'profile_image.jpeg', content_type: 'application/xlsx')[0m
      [31m[0m
      [31mNoMethodError:[0m
      [31m  undefined method `profile_image' for #<User id: nil, email: "gavin@kassulke.test", name: "otc1aykkvl", introduction: "mds9l8mnt1y8ivwdhsk4", created_at: nil, updated_at: nil>[0m
      [36m# ./spec/factories/users.rb:10:in `block (3 levels) in <main>'[0m
      [36m# ./spec/models/user_spec.rb:7:in `block (3 levels) in <main>'[0m

  13) Userモデルのテスト バリデーションのテスト introductionカラム 50文字以下であること: 50文字は〇
      [31mFailure/Error: user.profile_image.attach(io: File.open('spec/images/profile_image.jpeg'), filename: 'profile_image.jpeg', content_type: 'application/xlsx')[0m
      [31m[0m
      [31mNoMethodError:[0m
      [31m  undefined method `profile_image' for #<User id: nil, email: "lauren_jacobson@corkery.example", name: "658j9tzqqe", introduction: "x94i3nezt9t80e1e2qcw", created_at: nil, updated_at: nil>[0m
      [36m# ./spec/factories/users.rb:10:in `block (3 levels) in <main>'[0m
      [36m# ./spec/models/user_spec.rb:7:in `block (3 levels) in <main>'[0m

  14) Userモデルのテスト バリデーションのテスト introductionカラム 50文字以下であること: 51文字は×
      [31mFailure/Error: user.profile_image.attach(io: File.open('spec/images/profile_image.jpeg'), filename: 'profile_image.jpeg', content_type: 'application/xlsx')[0m
      [31m[0m
      [31mNoMethodError:[0m
      [31m  undefined method `profile_image' for #<User id: nil, email: "otto@walsh.test", name: "9sk7zyij0c", introduction: "7zzxkea4cong1uw5mhvg", created_at: nil, updated_at: nil>[0m
      [36m# ./spec/factories/users.rb:10:in `block (3 levels) in <main>'[0m
      [36m# ./spec/models/user_spec.rb:7:in `block (3 levels) in <main>'[0m

  15) [STEP1] ユーザログイン前のテスト アバウト画面のテスト 表示内容の確認 URLが正しい
      [31mFailure/Error: visit '/home/about'[0m
      [31m[0m
      [31mActionController::RoutingError:[0m
      [31m  No route matches [GET] "/home/about"[0m
      [36m# ./spec/system/01_before_login_spec.rb:34:in `block (3 levels) in <main>'[0m

  16) [STEP1] ユーザログイン前のテスト ヘッダーのテスト: ログインしていない場合 リンクの内容を確認 Aboutを押すと、アバウト画面に遷移する
      [31mFailure/Error: is_expected.to eq '/home/about'[0m
      [31m[0m
      [31m  expected: "/home/about"[0m
      [31m       got: "/homes/about"[0m
      [31m[0m
      [31m  (compared using ==)[0m
      [36m# ./spec/system/01_before_login_spec.rb:93:in `block (4 levels) in <main>'[0m

  17) [STEP1] ユーザログイン前のテスト ユーザログイン ログイン成功のテスト ログイン後のリダイレクト先が、ログインしたユーザの詳細画面になっている
      [31mFailure/Error: user.profile_image.attach(io: File.open('spec/images/profile_image.jpeg'), filename: 'profile_image.jpeg', content_type: 'application/xlsx')[0m
      [31m[0m
      [31mNoMethodError:[0m
      [31m  undefined method `profile_image' for #<User id: nil, email: "denis@leuschke.example", name: "tpncltfqss", introduction: "5go03jhn0dw459h63jka", created_at: nil, updated_at: nil>[0m
      [36m# ./spec/factories/users.rb:10:in `block (3 levels) in <main>'[0m
      [36m# ./spec/system/01_before_login_spec.rb:158:in `block (3 levels) in <main>'[0m
      [36m# ./spec/system/01_before_login_spec.rb:187:in `block (4 levels) in <main>'[0m

  18) [STEP1] ユーザログイン前のテスト ヘッダーのテスト: ログインしている場合 ヘッダーの表示を確認 Bookersリンクが表示される: 左上から1番目のリンクが「Bookers」である
      [31mFailure/Error: user.profile_image.attach(io: File.open('spec/images/profile_image.jpeg'), filename: 'profile_image.jpeg', content_type: 'application/xlsx')[0m
      [31m[0m
      [31mNoMethodError:[0m
      [31m  undefined method `profile_image' for #<User id: nil, email: "orville@quigley.test", name: "i9j0pa2fm1", introduction: "dd7kgnqdcab15ayrfxqp", created_at: nil, updated_at: nil>[0m
      [36m# ./spec/factories/users.rb:10:in `block (3 levels) in <main>'[0m
      [36m# ./spec/system/01_before_login_spec.rb:211:in `block (3 levels) in <main>'[0m
      [36m# ./spec/system/01_before_login_spec.rb:215:in `block (3 levels) in <main>'[0m

  19) [STEP1] ユーザログイン前のテスト ヘッダーのテスト: ログインしている場合 ヘッダーの表示を確認 Homeリンクが表示される: 左上から2番目のリンクが「Home」である
      [31mFailure/Error: user.profile_image.attach(io: File.open('spec/images/profile_image.jpeg'), filename: 'profile_image.jpeg', content_type: 'application/xlsx')[0m
      [31m[0m
      [31mNoMethodError:[0m
      [31m  undefined method `profile_image' for #<User id: nil, email: "tashina@bayer-wyman.example", name: "3a4nqt6jae", introduction: "qanadvefmg5k2o2y8qfz", created_at: nil, updated_at: nil>[0m
      [36m# ./spec/factories/users.rb:10:in `block (3 levels) in <main>'[0m
      [36m# ./spec/system/01_before_login_spec.rb:211:in `block (3 levels) in <main>'[0m
      [36m# ./spec/system/01_before_login_spec.rb:215:in `block (3 levels) in <main>'[0m

  20) [STEP1] ユーザログイン前のテスト ヘッダーのテスト: ログインしている場合 ヘッダーの表示を確認 Usersリンクが表示される: 左上から3番目のリンクが「Users」である
      [31mFailure/Error: user.profile_image.attach(io: File.open('spec/images/profile_image.jpeg'), filename: 'profile_image.jpeg', content_type: 'application/xlsx')[0m
      [31m[0m
      [31mNoMethodError:[0m
      [31m  undefined method `profile_image' for #<User id: nil, email: "kaleigh_sanford@deckow-metz.example", name: "bryssfigkp", introduction: "ucdzua4edlhcic6g5loe", created_at: nil, updated_at: nil>[0m
      [36m# ./spec/factories/users.rb:10:in `block (3 levels) in <main>'[0m
      [36m# ./spec/system/01_before_login_spec.rb:211:in `block (3 levels) in <main>'[0m
      [36m# ./spec/system/01_before_login_spec.rb:215:in `block (3 levels) in <main>'[0m

  21) [STEP1] ユーザログイン前のテスト ヘッダーのテスト: ログインしている場合 ヘッダーの表示を確認 Booksリンクが表示される: 左上から4番目のリンクが「Books」である
      [31mFailure/Error: user.profile_image.attach(io: File.open('spec/images/profile_image.jpeg'), filename: 'profile_image.jpeg', content_type: 'application/xlsx')[0m
      [31m[0m
      [31mNoMethodError:[0m
      [31m  undefined method `profile_image' for #<User id: nil, email: "celine@leffler-welch.example", name: "q6sjf03s97", introduction: "witmctj1f5w56s0robxg", created_at: nil, updated_at: nil>[0m
      [36m# ./spec/factories/users.rb:10:in `block (3 levels) in <main>'[0m
      [36m# ./spec/system/01_before_login_spec.rb:211:in `block (3 levels) in <main>'[0m
      [36m# ./spec/system/01_before_login_spec.rb:215:in `block (3 levels) in <main>'[0m

  22) [STEP1] ユーザログイン前のテスト ヘッダーのテスト: ログインしている場合 ヘッダーの表示を確認 Log outリンクが表示される: 左上から5番目のリンクが「Log out」である
      [31mFailure/Error: user.profile_image.attach(io: File.open('spec/images/profile_image.jpeg'), filename: 'profile_image.jpeg', content_type: 'application/xlsx')[0m
      [31m[0m
      [31mNoMethodError:[0m
      [31m  undefined method `profile_image' for #<User id: nil, email: "cyrus_bauch@mante-kertzmann.test", name: "x0g00swk2b", introduction: "sxwa6wvgrg54a5rwevqk", created_at: nil, updated_at: nil>[0m
      [36m# ./spec/factories/users.rb:10:in `block (3 levels) in <main>'[0m
      [36m# ./spec/system/01_before_login_spec.rb:211:in `block (3 levels) in <main>'[0m
      [36m# ./spec/system/01_before_login_spec.rb:215:in `block (3 levels) in <main>'[0m

  23) [STEP1] ユーザログイン前のテスト ユーザログアウトのテスト ログアウト機能のテスト 正しくログアウトできている: ログアウト後のリダイレクト先においてAbout画面へのリンクが存在する
      [31mFailure/Error: user.profile_image.attach(io: File.open('spec/images/profile_image.jpeg'), filename: 'profile_image.jpeg', content_type: 'application/xlsx')[0m
      [31m[0m
      [31mNoMethodError:[0m
      [31m  undefined method `profile_image' for #<User id: nil, email: "brett_leannon@hagenes-cartwright.test", name: "zfin3y29gi", introduction: "lpns4fk5kz5t3uxgqdba", created_at: nil, updated_at: nil>[0m
      [36m# ./spec/factories/users.rb:10:in `block (3 levels) in <main>'[0m
      [36m# ./spec/system/01_before_login_spec.rb:245:in `block (3 levels) in <main>'[0m
      [36m# ./spec/system/01_before_login_spec.rb:249:in `block (3 levels) in <main>'[0m

  24) [STEP1] ユーザログイン前のテスト ユーザログアウトのテスト ログアウト機能のテスト ログアウト後のリダイレクト先が、トップになっている
      [31mFailure/Error: user.profile_image.attach(io: File.open('spec/images/profile_image.jpeg'), filename: 'profile_image.jpeg', content_type: 'application/xlsx')[0m
      [31m[0m
      [31mNoMethodError:[0m
      [31m  undefined method `profile_image' for #<User id: nil, email: "eleanore_aufderhar@dicki.test", name: "unmwhc1q4x", introduction: "9845dxvac8d21jrln23a", created_at: nil, updated_at: nil>[0m
      [36m# ./spec/factories/users.rb:10:in `block (3 levels) in <main>'[0m
      [36m# ./spec/system/01_before_login_spec.rb:245:in `block (3 levels) in <main>'[0m
      [36m# ./spec/system/01_before_login_spec.rb:249:in `block (3 levels) in <main>'[0m

  25) [STEP2] ユーザログイン後のテスト ヘッダーのテスト: ログインしている場合 リンクの内容を確認: ※logoutは『ユーザログアウトのテスト』でテスト済みになります。 Homeを押すと、自分のユーザ詳細画面に遷移する
      [31mFailure/Error: user.profile_image.attach(io: File.open('spec/images/profile_image.jpeg'), filename: 'profile_image.jpeg', content_type: 'application/xlsx')[0m
      [31m[0m
      [31mNoMethodError:[0m
      [31m  undefined method `profile_image' for #<User id: nil, email: "klara@nolan.test", name: "pmcuf3ccj6", introduction: "xkytmf52ht0o48r7uk5t", created_at: nil, updated_at: nil>[0m
      [36m# ./spec/factories/users.rb:10:in `block (3 levels) in <main>'[0m
      [36m# ./spec/system/02_after_login_spec.rb:4:in `block (2 levels) in <main>'[0m

  26) [STEP2] ユーザログイン後のテスト ヘッダーのテスト: ログインしている場合 リンクの内容を確認: ※logoutは『ユーザログアウトのテスト』でテスト済みになります。 Usersを押すと、ユーザ一覧画面に遷移する
      [31mFailure/Error: user.profile_image.attach(io: File.open('spec/images/profile_image.jpeg'), filename: 'profile_image.jpeg', content_type: 'application/xlsx')[0m
      [31m[0m
      [31mNoMethodError:[0m
      [31m  undefined method `profile_image' for #<User id: nil, email: "rubin_mayert@hegmann-funk.test", name: "8vecfjsadt", introduction: "0omz8ga5ix2mpse7h4ky", created_at: nil, updated_at: nil>[0m
      [36m# ./spec/factories/users.rb:10:in `block (3 levels) in <main>'[0m
      [36m# ./spec/system/02_after_login_spec.rb:4:in `block (2 levels) in <main>'[0m

  27) [STEP2] ユーザログイン後のテスト ヘッダーのテスト: ログインしている場合 リンクの内容を確認: ※logoutは『ユーザログアウトのテスト』でテスト済みになります。 Booksを押すと、投稿一覧画面に遷移する
      [31mFailure/Error: user.profile_image.attach(io: File.open('spec/images/profile_image.jpeg'), filename: 'profile_image.jpeg', content_type: 'application/xlsx')[0m
      [31m[0m
      [31mNoMethodError:[0m
      [31m  undefined method `profile_image' for #<User id: nil, email: "sheridan@veum-miller.example", name: "jmydgnuw82", introduction: "stczcawqzxihdjnewzuy", created_at: nil, updated_at: nil>[0m
      [36m# ./spec/factories/users.rb:10:in `block (3 levels) in <main>'[0m
      [36m# ./spec/system/02_after_login_spec.rb:4:in `block (2 levels) in <main>'[0m

  28) [STEP2] ユーザログイン後のテスト 投稿一覧画面のテスト 表示内容の確認 URLが正しい
      [31mFailure/Error: user.profile_image.attach(io: File.open('spec/images/profile_image.jpeg'), filename: 'profile_image.jpeg', content_type: 'application/xlsx')[0m
      [31m[0m
      [31mNoMethodError:[0m
      [31m  undefined method `profile_image' for #<User id: nil, email: "emery.hane@davis-koch.test", name: "o7lf621adi", introduction: "tkroohxu3imeu76nrhd0", created_at: nil, updated_at: nil>[0m
      [36m# ./spec/factories/users.rb:10:in `block (3 levels) in <main>'[0m
      [36m# ./spec/system/02_after_login_spec.rb:4:in `block (2 levels) in <main>'[0m

  29) [STEP2] ユーザログイン後のテスト 投稿一覧画面のテスト 表示内容の確認 自分と他人の画像のリンク先が正しい
      [31mFailure/Error: user.profile_image.attach(io: File.open('spec/images/profile_image.jpeg'), filename: 'profile_image.jpeg', content_type: 'application/xlsx')[0m
      [31m[0m
      [31mNoMethodError:[0m
      [31m  undefined method `profile_image' for #<User id: nil, email: "karen@kris.test", name: "bai16q3efo", introduction: "0x3skzt38tylohdhdt7i", created_at: nil, updated_at: nil>[0m
      [36m# ./spec/factories/users.rb:10:in `block (3 levels) in <main>'[0m
      [36m# ./spec/system/02_after_login_spec.rb:4:in `block (2 levels) in <main>'[0m

  30) [STEP2] ユーザログイン後のテスト 投稿一覧画面のテスト 表示内容の確認 自分の投稿と他人の投稿のタイトルのリンク先がそれぞれ正しい
      [31mFailure/Error: user.profile_image.attach(io: File.open('spec/images/profile_image.jpeg'), filename: 'profile_image.jpeg', content_type: 'application/xlsx')[0m
      [31m[0m
      [31mNoMethodError:[0m
      [31m  undefined method `profile_image' for #<User id: nil, email: "stacia@abbott.test", name: "gydl7mgna0", introduction: "7flpy5zor61ghznopr90", created_at: nil, updated_at: nil>[0m
      [36m# ./spec/factories/users.rb:10:in `block (3 levels) in <main>'[0m
      [36m# ./spec/system/02_after_login_spec.rb:4:in `block (2 levels) in <main>'[0m

  31) [STEP2] ユーザログイン後のテスト 投稿一覧画面のテスト 表示内容の確認 自分の投稿と他人の投稿のオピニオンが表示される
      [31mFailure/Error: user.profile_image.attach(io: File.open('spec/images/profile_image.jpeg'), filename: 'profile_image.jpeg', content_type: 'application/xlsx')[0m
      [31m[0m
      [31mNoMethodError:[0m
      [31m  undefined method `profile_image' for #<User id: nil, email: "graham@larkin.example", name: "6lbc2mn7rh", introduction: "0rzzx5v5p7q0bin2n50y", created_at: nil, updated_at: nil>[0m
      [36m# ./spec/factories/users.rb:10:in `block (3 levels) in <main>'[0m
      [36m# ./spec/system/02_after_login_spec.rb:4:in `block (2 levels) in <main>'[0m

  32) [STEP2] ユーザログイン後のテスト 投稿一覧画面のテスト サイドバーの確認 自分の名前と紹介文が表示される
      [31mFailure/Error: user.profile_image.attach(io: File.open('spec/images/profile_image.jpeg'), filename: 'profile_image.jpeg', content_type: 'application/xlsx')[0m
      [31m[0m
      [31mNoMethodError:[0m
      [31m  undefined method `profile_image' for #<User id: nil, email: "marybelle@konopelski-wintheiser.test", name: "v931rgpvt4", introduction: "5vs09mioi08qomxxgiox", created_at: nil, updated_at: nil>[0m
      [36m# ./spec/factories/users.rb:10:in `block (3 levels) in <main>'[0m
      [36m# ./spec/system/02_after_login_spec.rb:4:in `block (2 levels) in <main>'[0m

  33) [STEP2] ユーザログイン後のテスト 投稿一覧画面のテスト サイドバーの確認 自分のユーザ編集画面へのリンクが存在する
      [31mFailure/Error: user.profile_image.attach(io: File.open('spec/images/profile_image.jpeg'), filename: 'profile_image.jpeg', content_type: 'application/xlsx')[0m
      [31m[0m
      [31mNoMethodError:[0m
      [31m  undefined method `profile_image' for #<User id: nil, email: "dionne.lubowitz@sawayn-welch.test", name: "1vtzwahi2s", introduction: "s4diyfo6tb8y71harrjv", created_at: nil, updated_at: nil>[0m
      [36m# ./spec/factories/users.rb:10:in `block (3 levels) in <main>'[0m
      [36m# ./spec/system/02_after_login_spec.rb:4:in `block (2 levels) in <main>'[0m

  34) [STEP2] ユーザログイン後のテスト 投稿一覧画面のテスト サイドバーの確認 「New book」と表示される
      [31mFailure/Error: user.profile_image.attach(io: File.open('spec/images/profile_image.jpeg'), filename: 'profile_image.jpeg', content_type: 'application/xlsx')[0m
      [31m[0m
      [31mNoMethodError:[0m
      [31m  undefined method `profile_image' for #<User id: nil, email: "britney.ortiz@gibson.example", name: "gg6bkhez67", introduction: "g4pluwdmmxceefk0gqq9", created_at: nil, updated_at: nil>[0m
      [36m# ./spec/factories/users.rb:10:in `block (3 levels) in <main>'[0m
      [36m# ./spec/system/02_after_login_spec.rb:4:in `block (2 levels) in <main>'[0m

  35) [STEP2] ユーザログイン後のテスト 投稿一覧画面のテスト サイドバーの確認 titleフォームが表示される
      [31mFailure/Error: user.profile_image.attach(io: File.open('spec/images/profile_image.jpeg'), filename: 'profile_image.jpeg', content_type: 'application/xlsx')[0m
      [31m[0m
      [31mNoMethodError:[0m
      [31m  undefined method `profile_image' for #<User id: nil, email: "milo.kertzmann@bernhard-satterfield.test", name: "r0n7fnwq45", introduction: "27tl3aeqotogwd4vzbic", created_at: nil, updated_at: nil>[0m
      [36m# ./spec/factories/users.rb:10:in `block (3 levels) in <main>'[0m
      [36m# ./spec/system/02_after_login_spec.rb:4:in `block (2 levels) in <main>'[0m

  36) [STEP2] ユーザログイン後のテスト 投稿一覧画面のテスト サイドバーの確認 titleフォームに値が入っていない
      [31mFailure/Error: user.profile_image.attach(io: File.open('spec/images/profile_image.jpeg'), filename: 'profile_image.jpeg', content_type: 'application/xlsx')[0m
      [31m[0m
      [31mNoMethodError:[0m
      [31m  undefined method `profile_image' for #<User id: nil, email: "ned.walker@wiza.example", name: "jzn5m1nd7i", introduction: "wbrllmsq6ag92696e4rw", created_at: nil, updated_at: nil>[0m
      [36m# ./spec/factories/users.rb:10:in `block (3 levels) in <main>'[0m
      [36m# ./spec/system/02_after_login_spec.rb:4:in `block (2 levels) in <main>'[0m

  37) [STEP2] ユーザログイン後のテスト 投稿一覧画面のテスト サイドバーの確認 bodyフォームが表示される
      [31mFailure/Error: user.profile_image.attach(io: File.open('spec/images/profile_image.jpeg'), filename: 'profile_image.jpeg', content_type: 'application/xlsx')[0m
      [31m[0m
      [31mNoMethodError:[0m
      [31m  undefined method `profile_image' for #<User id: nil, email: "lavina@ritchie-braun.test", name: "j6qsvywt33", introduction: "1i6xyeh9fm3e029423pv", created_at: nil, updated_at: nil>[0m
      [36m# ./spec/factories/users.rb:10:in `block (3 levels) in <main>'[0m
      [36m# ./spec/system/02_after_login_spec.rb:4:in `block (2 levels) in <main>'[0m

  38) [STEP2] ユーザログイン後のテスト 投稿一覧画面のテスト サイドバーの確認 bodyフォームに値が入っていない
      [31mFailure/Error: user.profile_image.attach(io: File.open('spec/images/profile_image.jpeg'), filename: 'profile_image.jpeg', content_type: 'application/xlsx')[0m
      [31m[0m
      [31mNoMethodError:[0m
      [31m  undefined method `profile_image' for #<User id: nil, email: "shannan_stiedemann@hudson.test", name: "iesslniyxb", introduction: "0296aiegmjcmugiakvwx", created_at: nil, updated_at: nil>[0m
      [36m# ./spec/factories/users.rb:10:in `block (3 levels) in <main>'[0m
      [36m# ./spec/system/02_after_login_spec.rb:4:in `block (2 levels) in <main>'[0m

  39) [STEP2] ユーザログイン後のテスト 投稿一覧画面のテスト サイドバーの確認 Create Bookボタンが表示される
      [31mFailure/Error: user.profile_image.attach(io: File.open('spec/images/profile_image.jpeg'), filename: 'profile_image.jpeg', content_type: 'application/xlsx')[0m
      [31m[0m
      [31mNoMethodError:[0m
      [31m  undefined method `profile_image' for #<User id: nil, email: "lanell@kub.example", name: "8iu8m9uxw5", introduction: "24e3fl87msidq3otfjm1", created_at: nil, updated_at: nil>[0m
      [36m# ./spec/factories/users.rb:10:in `block (3 levels) in <main>'[0m
      [36m# ./spec/system/02_after_login_spec.rb:4:in `block (2 levels) in <main>'[0m

  40) [STEP2] ユーザログイン後のテスト 投稿一覧画面のテスト 投稿成功のテスト 自分の新しい投稿が正しく保存される
      [31mFailure/Error: user.profile_image.attach(io: File.open('spec/images/profile_image.jpeg'), filename: 'profile_image.jpeg', content_type: 'application/xlsx')[0m
      [31m[0m
      [31mNoMethodError:[0m
      [31m  undefined method `profile_image' for #<User id: nil, email: "kirby@heaney-lindgren.example", name: "tf2pxbp6cp", introduction: "m9l58z0kofn0rt9lyb3x", created_at: nil, updated_at: nil>[0m
      [36m# ./spec/factories/users.rb:10:in `block (3 levels) in <main>'[0m
      [36m# ./spec/system/02_after_login_spec.rb:4:in `block (2 levels) in <main>'[0m

  41) [STEP2] ユーザログイン後のテスト 投稿一覧画面のテスト 投稿成功のテスト リダイレクト先が、保存できた投稿の詳細画面になっている
      [31mFailure/Error: user.profile_image.attach(io: File.open('spec/images/profile_image.jpeg'), filename: 'profile_image.jpeg', content_type: 'application/xlsx')[0m
      [31m[0m
      [31mNoMethodError:[0m
      [31m  undefined method `profile_image' for #<User id: nil, email: "yessenia@waters-berge.test", name: "j8yyfhcpjx", introduction: "c39c5r7a4vms2z55jgh0", created_at: nil, updated_at: nil>[0m
      [36m# ./spec/factories/users.rb:10:in `block (3 levels) in <main>'[0m
      [36m# ./spec/system/02_after_login_spec.rb:4:in `block (2 levels) in <main>'[0m

  42) [STEP2] ユーザログイン後のテスト 自分の投稿詳細画面のテスト 表示内容の確認 URLが正しい
      [31mFailure/Error: user.profile_image.attach(io: File.open('spec/images/profile_image.jpeg'), filename: 'profile_image.jpeg', content_type: 'application/xlsx')[0m
      [31m[0m
      [31mNoMethodError:[0m
      [31m  undefined method `profile_image' for #<User id: nil, email: "grover@volkman-schroeder.example", name: "xmbj8b4amb", introduction: "v87jj2xz2ljtsn9dtz9l", created_at: nil, updated_at: nil>[0m
      [36m# ./spec/factories/users.rb:10:in `block (3 levels) in <main>'[0m
      [36m# ./spec/system/02_after_login_spec.rb:4:in `block (2 levels) in <main>'[0m

  43) [STEP2] ユーザログイン後のテスト 自分の投稿詳細画面のテスト 表示内容の確認 「Book detail」と表示される
      [31mFailure/Error: user.profile_image.attach(io: File.open('spec/images/profile_image.jpeg'), filename: 'profile_image.jpeg', content_type: 'application/xlsx')[0m
      [31m[0m
      [31mNoMethodError:[0m
      [31m  undefined method `profile_image' for #<User id: nil, email: "candace_lind@okuneva.test", name: "6exxh7sv3d", introduction: "het5hmyd2ufuqgxzefm8", created_at: nil, updated_at: nil>[0m
      [36m# ./spec/factories/users.rb:10:in `block (3 levels) in <main>'[0m
      [36m# ./spec/system/02_after_login_spec.rb:4:in `block (2 levels) in <main>'[0m

  44) [STEP2] ユーザログイン後のテスト 自分の投稿詳細画面のテスト 表示内容の確認 ユーザ画像・名前のリンク先が正しい
      [31mFailure/Error: user.profile_image.attach(io: File.open('spec/images/profile_image.jpeg'), filename: 'profile_image.jpeg', content_type: 'application/xlsx')[0m
      [31m[0m
      [31mNoMethodError:[0m
      [31m  undefined method `profile_image' for #<User id: nil, email: "annamaria_ziemann@moore.test", name: "4wikeug2g7", introduction: "ji5vcvdjo5hl80qi6iis", created_at: nil, updated_at: nil>[0m
      [36m# ./spec/factories/users.rb:10:in `block (3 levels) in <main>'[0m
      [36m# ./spec/system/02_after_login_spec.rb:4:in `block (2 levels) in <main>'[0m

  45) [STEP2] ユーザログイン後のテスト 自分の投稿詳細画面のテスト 表示内容の確認 投稿のtitleが表示される
      [31mFailure/Error: user.profile_image.attach(io: File.open('spec/images/profile_image.jpeg'), filename: 'profile_image.jpeg', content_type: 'application/xlsx')[0m
      [31m[0m
      [31mNoMethodError:[0m
      [31m  undefined method `profile_image' for #<User id: nil, email: "nita@schneider.test", name: "by8l3rp7cl", introduction: "dgq25isejfm2yx8o7x5z", created_at: nil, updated_at: nil>[0m
      [36m# ./spec/factories/users.rb:10:in `block (3 levels) in <main>'[0m
      [36m# ./spec/system/02_after_login_spec.rb:4:in `block (2 levels) in <main>'[0m

  46) [STEP2] ユーザログイン後のテスト 自分の投稿詳細画面のテスト 表示内容の確認 投稿のbodyが表示される
      [31mFailure/Error: user.profile_image.attach(io: File.open('spec/images/profile_image.jpeg'), filename: 'profile_image.jpeg', content_type: 'application/xlsx')[0m
      [31m[0m
      [31mNoMethodError:[0m
      [31m  undefined method `profile_image' for #<User id: nil, email: "emilio_legros@schultz-bogisich.example", name: "ztezsyikr4", introduction: "g80m5dwonh77ojdn77nq", created_at: nil, updated_at: nil>[0m
      [36m# ./spec/factories/users.rb:10:in `block (3 levels) in <main>'[0m
      [36m# ./spec/system/02_after_login_spec.rb:4:in `block (2 levels) in <main>'[0m

  47) [STEP2] ユーザログイン後のテスト 自分の投稿詳細画面のテスト 表示内容の確認 投稿の編集リンクが表示される
      [31mFailure/Error: user.profile_image.attach(io: File.open('spec/images/profile_image.jpeg'), filename: 'profile_image.jpeg', content_type: 'application/xlsx')[0m
      [31m[0m
      [31mNoMethodError:[0m
      [31m  undefined method `profile_image' for #<User id: nil, email: "darrell.trantow@littel.test", name: "zi98inzm2l", introduction: "sy6j89g2gclxn18at8lb", created_at: nil, updated_at: nil>[0m
      [36m# ./spec/factories/users.rb:10:in `block (3 levels) in <main>'[0m
      [36m# ./spec/system/02_after_login_spec.rb:4:in `block (2 levels) in <main>'[0m

  48) [STEP2] ユーザログイン後のテスト 自分の投稿詳細画面のテスト 表示内容の確認 投稿の削除リンクが表示される
      [31mFailure/Error: user.profile_image.attach(io: File.open('spec/images/profile_image.jpeg'), filename: 'profile_image.jpeg', content_type: 'application/xlsx')[0m
      [31m[0m
      [31mNoMethodError:[0m
      [31m  undefined method `profile_image' for #<User id: nil, email: "kristeen.gibson@herman.test", name: "u9i5drhfwc", introduction: "9345ujo2dqzi1zbmncf2", created_at: nil, updated_at: nil>[0m
      [36m# ./spec/factories/users.rb:10:in `block (3 levels) in <main>'[0m
      [36m# ./spec/system/02_after_login_spec.rb:4:in `block (2 levels) in <main>'[0m

  49) [STEP2] ユーザログイン後のテスト 自分の投稿詳細画面のテスト サイドバーの確認 自分の名前と紹介文が表示される
      [31mFailure/Error: user.profile_image.attach(io: File.open('spec/images/profile_image.jpeg'), filename: 'profile_image.jpeg', content_type: 'application/xlsx')[0m
      [31m[0m
      [31mNoMethodError:[0m
      [31m  undefined method `profile_image' for #<User id: nil, email: "mohammad@conn.example", name: "ghi54qdx9j", introduction: "47wdjmpd1mfmvaalarex", created_at: nil, updated_at: nil>[0m
      [36m# ./spec/factories/users.rb:10:in `block (3 levels) in <main>'[0m
      [36m# ./spec/system/02_after_login_spec.rb:4:in `block (2 levels) in <main>'[0m

  50) [STEP2] ユーザログイン後のテスト 自分の投稿詳細画面のテスト サイドバーの確認 自分のユーザ編集画面へのリンクが存在する
      [31mFailure/Error: user.profile_image.attach(io: File.open('spec/images/profile_image.jpeg'), filename: 'profile_image.jpeg', content_type: 'application/xlsx')[0m
      [31m[0m
      [31mNoMethodError:[0m
      [31m  undefined method `profile_image' for #<User id: nil, email: "shanelle@reynolds-ruecker.example", name: "c4kyjenbt3", introduction: "lmnw2pe30wu45xouqqmw", created_at: nil, updated_at: nil>[0m
      [36m# ./spec/factories/users.rb:10:in `block (3 levels) in <main>'[0m
      [36m# ./spec/system/02_after_login_spec.rb:4:in `block (2 levels) in <main>'[0m

  51) [STEP2] ユーザログイン後のテスト 自分の投稿詳細画面のテスト サイドバーの確認 「New book」と表示される
      [31mFailure/Error: user.profile_image.attach(io: File.open('spec/images/profile_image.jpeg'), filename: 'profile_image.jpeg', content_type: 'application/xlsx')[0m
      [31m[0m
      [31mNoMethodError:[0m
      [31m  undefined method `profile_image' for #<User id: nil, email: "selina@gislason.test", name: "vonfercs6z", introduction: "9b2d8u2jynaknjpp71q6", created_at: nil, updated_at: nil>[0m
      [36m# ./spec/factories/users.rb:10:in `block (3 levels) in <main>'[0m
      [36m# ./spec/system/02_after_login_spec.rb:4:in `block (2 levels) in <main>'[0m

  52) [STEP2] ユーザログイン後のテスト 自分の投稿詳細画面のテスト サイドバーの確認 titleフォームが表示される
      [31mFailure/Error: user.profile_image.attach(io: File.open('spec/images/profile_image.jpeg'), filename: 'profile_image.jpeg', content_type: 'application/xlsx')[0m
      [31m[0m
      [31mNoMethodError:[0m
      [31m  undefined method `profile_image' for #<User id: nil, email: "malcom.white@jerde-feest.example", name: "2uco8rbj70", introduction: "s8yep1ca6qpn6dhwvwcs", created_at: nil, updated_at: nil>[0m
      [36m# ./spec/factories/users.rb:10:in `block (3 levels) in <main>'[0m
      [36m# ./spec/system/02_after_login_spec.rb:4:in `block (2 levels) in <main>'[0m

  53) [STEP2] ユーザログイン後のテスト 自分の投稿詳細画面のテスト サイドバーの確認 titleフォームに値が入っていない
      [31mFailure/Error: user.profile_image.attach(io: File.open('spec/images/profile_image.jpeg'), filename: 'profile_image.jpeg', content_type: 'application/xlsx')[0m
      [31m[0m
      [31mNoMethodError:[0m
      [31m  undefined method `profile_image' for #<User id: nil, email: "sally@blick.test", name: "et0n5fixt1", introduction: "wdet6ur4z9uxfetsyzl7", created_at: nil, updated_at: nil>[0m
      [36m# ./spec/factories/users.rb:10:in `block (3 levels) in <main>'[0m
      [36m# ./spec/system/02_after_login_spec.rb:4:in `block (2 levels) in <main>'[0m

  54) [STEP2] ユーザログイン後のテスト 自分の投稿詳細画面のテスト サイドバーの確認 bodyフォームが表示される
      [31mFailure/Error: user.profile_image.attach(io: File.open('spec/images/profile_image.jpeg'), filename: 'profile_image.jpeg', content_type: 'application/xlsx')[0m
      [31m[0m
      [31mNoMethodError:[0m
      [31m  undefined method `profile_image' for #<User id: nil, email: "madge@cronin.example", name: "zi1vybsr3u", introduction: "yhzfvg4tlmgcgwtsgu44", created_at: nil, updated_at: nil>[0m
      [36m# ./spec/factories/users.rb:10:in `block (3 levels) in <main>'[0m
      [36m# ./spec/system/02_after_login_spec.rb:4:in `block (2 levels) in <main>'[0m

  55) [STEP2] ユーザログイン後のテスト 自分の投稿詳細画面のテスト サイドバーの確認 bodyフォームに値が入っていない
      [31mFailure/Error: user.profile_image.attach(io: File.open('spec/images/profile_image.jpeg'), filename: 'profile_image.jpeg', content_type: 'application/xlsx')[0m
      [31m[0m
      [31mNoMethodError:[0m
      [31m  undefined method `profile_image' for #<User id: nil, email: "iona.kling@lehner-stark.example", name: "tr4twda9vh", introduction: "3spbpl3gyxbhhi7klaym", created_at: nil, updated_at: nil>[0m
      [36m# ./spec/factories/users.rb:10:in `block (3 levels) in <main>'[0m
      [36m# ./spec/system/02_after_login_spec.rb:4:in `block (2 levels) in <main>'[0m

  56) [STEP2] ユーザログイン後のテスト 自分の投稿詳細画面のテスト サイドバーの確認 Create Bookボタンが表示される
      [31mFailure/Error: user.profile_image.attach(io: File.open('spec/images/profile_image.jpeg'), filename: 'profile_image.jpeg', content_type: 'application/xlsx')[0m
      [31m[0m
      [31mNoMethodError:[0m
      [31m  undefined method `profile_image' for #<User id: nil, email: "caitlyn@grady-lockman.test", name: "t2s2u8l15m", introduction: "rpwogdwx9mzwwibm7dch", created_at: nil, updated_at: nil>[0m
      [36m# ./spec/factories/users.rb:10:in `block (3 levels) in <main>'[0m
      [36m# ./spec/system/02_after_login_spec.rb:4:in `block (2 levels) in <main>'[0m

  57) [STEP2] ユーザログイン後のテスト 自分の投稿詳細画面のテスト 投稿成功のテスト 自分の新しい投稿が正しく保存される
      [31mFailure/Error: user.profile_image.attach(io: File.open('spec/images/profile_image.jpeg'), filename: 'profile_image.jpeg', content_type: 'application/xlsx')[0m
      [31m[0m
      [31mNoMethodError:[0m
      [31m  undefined method `profile_image' for #<User id: nil, email: "nannette@beier.example", name: "xgpip0dytg", introduction: "3n9j8k7yli6dwdlrdowr", created_at: nil, updated_at: nil>[0m
      [36m# ./spec/factories/users.rb:10:in `block (3 levels) in <main>'[0m
      [36m# ./spec/system/02_after_login_spec.rb:4:in `block (2 levels) in <main>'[0m

  58) [STEP2] ユーザログイン後のテスト 自分の投稿詳細画面のテスト 編集リンクのテスト 編集画面に遷移する
      [31mFailure/Error: user.profile_image.attach(io: File.open('spec/images/profile_image.jpeg'), filename: 'profile_image.jpeg', content_type: 'application/xlsx')[0m
      [31m[0m
      [31mNoMethodError:[0m
      [31m  undefined method `profile_image' for #<User id: nil, email: "rowena_schmidt@simonis.test", name: "0whqc9cy19", introduction: "amozmt61voigntrarz24", created_at: nil, updated_at: nil>[0m
      [36m# ./spec/factories/users.rb:10:in `block (3 levels) in <main>'[0m
      [36m# ./spec/system/02_after_login_spec.rb:4:in `block (2 levels) in <main>'[0m

  59) [STEP2] ユーザログイン後のテスト 自分の投稿詳細画面のテスト 削除リンクのテスト application.html.erbにjavascript_pack_tagを含んでいる
      [31mFailure/Error: user.profile_image.attach(io: File.open('spec/images/profile_image.jpeg'), filename: 'profile_image.jpeg', content_type: 'application/xlsx')[0m
      [31m[0m
      [31mNoMethodError:[0m
      [31m  undefined method `profile_image' for #<User id: nil, email: "kraig.watsica@brekke.test", name: "dgqxtb3mjg", introduction: "yt1r1ylzdc33ilaf422l", created_at: nil, updated_at: nil>[0m
      [36m# ./spec/factories/users.rb:10:in `block (3 levels) in <main>'[0m
      [36m# ./spec/system/02_after_login_spec.rb:4:in `block (2 levels) in <main>'[0m

  60) [STEP2] ユーザログイン後のテスト 自分の投稿詳細画面のテスト 削除リンクのテスト 正しく削除される
      [31mFailure/Error: user.profile_image.attach(io: File.open('spec/images/profile_image.jpeg'), filename: 'profile_image.jpeg', content_type: 'application/xlsx')[0m
      [31m[0m
      [31mNoMethodError:[0m
      [31m  undefined method `profile_image' for #<User id: nil, email: "cathey@kunde.example", name: "g3t9d8qqav", introduction: "w1wgwn184r1xmeyz9rxo", created_at: nil, updated_at: nil>[0m
      [36m# ./spec/factories/users.rb:10:in `block (3 levels) in <main>'[0m
      [36m# ./spec/system/02_after_login_spec.rb:4:in `block (2 levels) in <main>'[0m

  61) [STEP2] ユーザログイン後のテスト 自分の投稿詳細画面のテスト 削除リンクのテスト リダイレクト先が、投稿一覧画面になっている
      [31mFailure/Error: user.profile_image.attach(io: File.open('spec/images/profile_image.jpeg'), filename: 'profile_image.jpeg', content_type: 'application/xlsx')[0m
      [31m[0m
      [31mNoMethodError:[0m
      [31m  undefined method `profile_image' for #<User id: nil, email: "eleanore@wisozk.test", name: "n3l0f8azpn", introduction: "mrtrqc6r3vcxmrfg6q7r", created_at: nil, updated_at: nil>[0m
      [36m# ./spec/factories/users.rb:10:in `block (3 levels) in <main>'[0m
      [36m# ./spec/system/02_after_login_spec.rb:4:in `block (2 levels) in <main>'[0m

  62) [STEP2] ユーザログイン後のテスト 自分の投稿編集画面のテスト 表示の確認 URLが正しい
      [31mFailure/Error: user.profile_image.attach(io: File.open('spec/images/profile_image.jpeg'), filename: 'profile_image.jpeg', content_type: 'application/xlsx')[0m
      [31m[0m
      [31mNoMethodError:[0m
      [31m  undefined method `profile_image' for #<User id: nil, email: "floyd@wolff-schmidt.example", name: "ofw68ieemz", introduction: "wt3414id6xpajik5efvr", created_at: nil, updated_at: nil>[0m
      [36m# ./spec/factories/users.rb:10:in `block (3 levels) in <main>'[0m
      [36m# ./spec/system/02_after_login_spec.rb:4:in `block (2 levels) in <main>'[0m

  63) [STEP2] ユーザログイン後のテスト 自分の投稿編集画面のテスト 表示の確認 「Editing Book」と表示される
      [31mFailure/Error: user.profile_image.attach(io: File.open('spec/images/profile_image.jpeg'), filename: 'profile_image.jpeg', content_type: 'application/xlsx')[0m
      [31m[0m
      [31mNoMethodError:[0m
      [31m  undefined method `profile_image' for #<User id: nil, email: "suzan_thompson@kohler.example", name: "pn7r14x7fv", introduction: "odec1jnrcdloiu04tmg6", created_at: nil, updated_at: nil>[0m
      [36m# ./spec/factories/users.rb:10:in `block (3 levels) in <main>'[0m
      [36m# ./spec/system/02_after_login_spec.rb:4:in `block (2 levels) in <main>'[0m

  64) [STEP2] ユーザログイン後のテスト 自分の投稿編集画面のテスト 表示の確認 title編集フォームが表示される
      [31mFailure/Error: user.profile_image.attach(io: File.open('spec/images/profile_image.jpeg'), filename: 'profile_image.jpeg', content_type: 'application/xlsx')[0m
      [31m[0m
      [31mNoMethodError:[0m
      [31m  undefined method `profile_image' for #<User id: nil, email: "gonzalo@stehr-gulgowski.test", name: "coya3wpzg9", introduction: "d5rgiyaa6phqhrm05pd1", created_at: nil, updated_at: nil>[0m
      [36m# ./spec/factories/users.rb:10:in `block (3 levels) in <main>'[0m
      [36m# ./spec/system/02_after_login_spec.rb:4:in `block (2 levels) in <main>'[0m

  65) [STEP2] ユーザログイン後のテスト 自分の投稿編集画面のテスト 表示の確認 body編集フォームが表示される
      [31mFailure/Error: user.profile_image.attach(io: File.open('spec/images/profile_image.jpeg'), filename: 'profile_image.jpeg', content_type: 'application/xlsx')[0m
      [31m[0m
      [31mNoMethodError:[0m
      [31m  undefined method `profile_image' for #<User id: nil, email: "burt_wisoky@nienow.test", name: "s0xrez4ydj", introduction: "n1u9ks5acs3d27azstxn", created_at: nil, updated_at: nil>[0m
      [36m# ./spec/factories/users.rb:10:in `block (3 levels) in <main>'[0m
      [36m# ./spec/system/02_after_login_spec.rb:4:in `block (2 levels) in <main>'[0m

  66) [STEP2] ユーザログイン後のテスト 自分の投稿編集画面のテスト 表示の確認 Update Bookボタンが表示される
      [31mFailure/Error: user.profile_image.attach(io: File.open('spec/images/profile_image.jpeg'), filename: 'profile_image.jpeg', content_type: 'application/xlsx')[0m
      [31m[0m
      [31mNoMethodError:[0m
      [31m  undefined method `profile_image' for #<User id: nil, email: "myrtice@fay.test", name: "oc9wctqctd", introduction: "iqotyzxxdmthpeb69133", created_at: nil, updated_at: nil>[0m
      [36m# ./spec/factories/users.rb:10:in `block (3 levels) in <main>'[0m
      [36m# ./spec/system/02_after_login_spec.rb:4:in `block (2 levels) in <main>'[0m

  67) [STEP2] ユーザログイン後のテスト 自分の投稿編集画面のテスト 表示の確認 Showリンクが表示される
      [31mFailure/Error: user.profile_image.attach(io: File.open('spec/images/profile_image.jpeg'), filename: 'profile_image.jpeg', content_type: 'application/xlsx')[0m
      [31m[0m
      [31mNoMethodError:[0m
      [31m  undefined method `profile_image' for #<User id: nil, email: "susie.kemmer@bayer.test", name: "f0nmsnjcfe", introduction: "1fyxbv11bba5wb4tjhqh", created_at: nil, updated_at: nil>[0m
      [36m# ./spec/factories/users.rb:10:in `block (3 levels) in <main>'[0m
      [36m# ./spec/system/02_after_login_spec.rb:4:in `block (2 levels) in <main>'[0m

  68) [STEP2] ユーザログイン後のテスト 自分の投稿編集画面のテスト 表示の確認 Backリンクが表示される
      [31mFailure/Error: user.profile_image.attach(io: File.open('spec/images/profile_image.jpeg'), filename: 'profile_image.jpeg', content_type: 'application/xlsx')[0m
      [31m[0m
      [31mNoMethodError:[0m
      [31m  undefined method `profile_image' for #<User id: nil, email: "duncan@towne.example", name: "dnxu4zy2c6", introduction: "bp360b5rwm6t16fekwez", created_at: nil, updated_at: nil>[0m
      [36m# ./spec/factories/users.rb:10:in `block (3 levels) in <main>'[0m
      [36m# ./spec/system/02_after_login_spec.rb:4:in `block (2 levels) in <main>'[0m

  69) [STEP2] ユーザログイン後のテスト 自分の投稿編集画面のテスト 編集成功のテスト titleが正しく更新される
      [31mFailure/Error: user.profile_image.attach(io: File.open('spec/images/profile_image.jpeg'), filename: 'profile_image.jpeg', content_type: 'application/xlsx')[0m
      [31m[0m
      [31mNoMethodError:[0m
      [31m  undefined method `profile_image' for #<User id: nil, email: "kenia_lind@keebler.example", name: "gz04y5hkmq", introduction: "q6f21q4xd0mgrw06q641", created_at: nil, updated_at: nil>[0m
      [36m# ./spec/factories/users.rb:10:in `block (3 levels) in <main>'[0m
      [36m# ./spec/system/02_after_login_spec.rb:4:in `block (2 levels) in <main>'[0m

  70) [STEP2] ユーザログイン後のテスト 自分の投稿編集画面のテスト 編集成功のテスト bodyが正しく更新される
      [31mFailure/Error: user.profile_image.attach(io: File.open('spec/images/profile_image.jpeg'), filename: 'profile_image.jpeg', content_type: 'application/xlsx')[0m
      [31m[0m
      [31mNoMethodError:[0m
      [31m  undefined method `profile_image' for #<User id: nil, email: "rosann.corwin@ondricka-bogisich.example", name: "zgd0xi8qbb", introduction: "w1at529hap6rz9h5qnps", created_at: nil, updated_at: nil>[0m
      [36m# ./spec/factories/users.rb:10:in `block (3 levels) in <main>'[0m
      [36m# ./spec/system/02_after_login_spec.rb:4:in `block (2 levels) in <main>'[0m

  71) [STEP2] ユーザログイン後のテスト 自分の投稿編集画面のテスト 編集成功のテスト リダイレクト先が、更新した投稿の詳細画面になっている
      [31mFailure/Error: user.profile_image.attach(io: File.open('spec/images/profile_image.jpeg'), filename: 'profile_image.jpeg', content_type: 'application/xlsx')[0m
      [31m[0m
      [31mNoMethodError:[0m
      [31m  undefined method `profile_image' for #<User id: nil, email: "neil@walsh.example", name: "t93tqbqbkk", introduction: "25g586n3rr1xkcbrx724", created_at: nil, updated_at: nil>[0m
      [36m# ./spec/factories/users.rb:10:in `block (3 levels) in <main>'[0m
      [36m# ./spec/system/02_after_login_spec.rb:4:in `block (2 levels) in <main>'[0m

  72) [STEP2] ユーザログイン後のテスト ユーザ一覧画面のテスト 表示内容の確認 URLが正しい
      [31mFailure/Error: user.profile_image.attach(io: File.open('spec/images/profile_image.jpeg'), filename: 'profile_image.jpeg', content_type: 'application/xlsx')[0m
      [31m[0m
      [31mNoMethodError:[0m
      [31m  undefined method `profile_image' for #<User id: nil, email: "fabian@collier.example", name: "nb65htd42q", introduction: "tpdq6rxbb95pc6v0ysct", created_at: nil, updated_at: nil>[0m
      [36m# ./spec/factories/users.rb:10:in `block (3 levels) in <main>'[0m
      [36m# ./spec/system/02_after_login_spec.rb:4:in `block (2 levels) in <main>'[0m

  73) [STEP2] ユーザログイン後のテスト ユーザ一覧画面のテスト 表示内容の確認 自分と他人の画像が表示される: fallbackの画像がサイドバーの1つ＋一覧(2人)の2つの計3つ存在する
      [31mFailure/Error: user.profile_image.attach(io: File.open('spec/images/profile_image.jpeg'), filename: 'profile_image.jpeg', content_type: 'application/xlsx')[0m
      [31m[0m
      [31mNoMethodError:[0m
      [31m  undefined method `profile_image' for #<User id: nil, email: "wilburn@oconner.example", name: "i4zsvywsb2", introduction: "eh3835877pbqhkewlsqq", created_at: nil, updated_at: nil>[0m
      [36m# ./spec/factories/users.rb:10:in `block (3 levels) in <main>'[0m
      [36m# ./spec/system/02_after_login_spec.rb:4:in `block (2 levels) in <main>'[0m

  74) [STEP2] ユーザログイン後のテスト ユーザ一覧画面のテスト 表示内容の確認 自分と他人の名前がそれぞれ表示される
      [31mFailure/Error: user.profile_image.attach(io: File.open('spec/images/profile_image.jpeg'), filename: 'profile_image.jpeg', content_type: 'application/xlsx')[0m
      [31m[0m
      [31mNoMethodError:[0m
      [31m  undefined method `profile_image' for #<User id: nil, email: "contessa@runte.test", name: "cfopwfn4u0", introduction: "fvxf6c93yh50slu1b7n5", created_at: nil, updated_at: nil>[0m
      [36m# ./spec/factories/users.rb:10:in `block (3 levels) in <main>'[0m
      [36m# ./spec/system/02_after_login_spec.rb:4:in `block (2 levels) in <main>'[0m

  75) [STEP2] ユーザログイン後のテスト ユーザ一覧画面のテスト 表示内容の確認 自分と他人のshowリンクがそれぞれ表示される
      [31mFailure/Error: user.profile_image.attach(io: File.open('spec/images/profile_image.jpeg'), filename: 'profile_image.jpeg', content_type: 'application/xlsx')[0m
      [31m[0m
      [31mNoMethodError:[0m
      [31m  undefined method `profile_image' for #<User id: nil, email: "madie@wolf-stanton.example", name: "b12dzbqoq7", introduction: "hkn5wk5pr8kehbktakne", created_at: nil, updated_at: nil>[0m
      [36m# ./spec/factories/users.rb:10:in `block (3 levels) in <main>'[0m
      [36m# ./spec/system/02_after_login_spec.rb:4:in `block (2 levels) in <main>'[0m

  76) [STEP2] ユーザログイン後のテスト ユーザ一覧画面のテスト サイドバーの確認 自分の名前と紹介文が表示される
      [31mFailure/Error: user.profile_image.attach(io: File.open('spec/images/profile_image.jpeg'), filename: 'profile_image.jpeg', content_type: 'application/xlsx')[0m
      [31m[0m
      [31mNoMethodError:[0m
      [31m  undefined method `profile_image' for #<User id: nil, email: "scotty.borer@rutherford.example", name: "f5bjri599h", introduction: "j529lbs85ewuean4s1vm", created_at: nil, updated_at: nil>[0m
      [36m# ./spec/factories/users.rb:10:in `block (3 levels) in <main>'[0m
      [36m# ./spec/system/02_after_login_spec.rb:4:in `block (2 levels) in <main>'[0m

  77) [STEP2] ユーザログイン後のテスト ユーザ一覧画面のテスト サイドバーの確認 自分のユーザ編集画面へのリンクが存在する
      [31mFailure/Error: user.profile_image.attach(io: File.open('spec/images/profile_image.jpeg'), filename: 'profile_image.jpeg', content_type: 'application/xlsx')[0m
      [31m[0m
      [31mNoMethodError:[0m
      [31m  undefined method `profile_image' for #<User id: nil, email: "zane.wolf@kub-legros.test", name: "b9m3o2uey5", introduction: "qgb5kseds5op0ong5c1v", created_at: nil, updated_at: nil>[0m
      [36m# ./spec/factories/users.rb:10:in `block (3 levels) in <main>'[0m
      [36m# ./spec/system/02_after_login_spec.rb:4:in `block (2 levels) in <main>'[0m

  78) [STEP2] ユーザログイン後のテスト ユーザ一覧画面のテスト サイドバーの確認 「New book」と表示される
      [31mFailure/Error: user.profile_image.attach(io: File.open('spec/images/profile_image.jpeg'), filename: 'profile_image.jpeg', content_type: 'application/xlsx')[0m
      [31m[0m
      [31mNoMethodError:[0m
      [31m  undefined method `profile_image' for #<User id: nil, email: "suk@dibbert.example", name: "ngvxuajpzq", introduction: "o7kb16009imqcmudatvj", created_at: nil, updated_at: nil>[0m
      [36m# ./spec/factories/users.rb:10:in `block (3 levels) in <main>'[0m
      [36m# ./spec/system/02_after_login_spec.rb:4:in `block (2 levels) in <main>'[0m

  79) [STEP2] ユーザログイン後のテスト ユーザ一覧画面のテスト サイドバーの確認 titleフォームが表示される
      [31mFailure/Error: user.profile_image.attach(io: File.open('spec/images/profile_image.jpeg'), filename: 'profile_image.jpeg', content_type: 'application/xlsx')[0m
      [31m[0m
      [31mNoMethodError:[0m
      [31m  undefined method `profile_image' for #<User id: nil, email: "jamie@kohler.example", name: "lxcpdu6f7e", introduction: "rn34c5wppx55rphy28pw", created_at: nil, updated_at: nil>[0m
      [36m# ./spec/factories/users.rb:10:in `block (3 levels) in <main>'[0m
      [36m# ./spec/system/02_after_login_spec.rb:4:in `block (2 levels) in <main>'[0m

  80) [STEP2] ユーザログイン後のテスト ユーザ一覧画面のテスト サイドバーの確認 titleフォームに値が入っていない
      [31mFailure/Error: user.profile_image.attach(io: File.open('spec/images/profile_image.jpeg'), filename: 'profile_image.jpeg', content_type: 'application/xlsx')[0m
      [31m[0m
      [31mNoMethodError:[0m
      [31m  undefined method `profile_image' for #<User id: nil, email: "marisela_nader@koss.example", name: "derj365fr3", introduction: "cdilll3v2qqupl9v878t", created_at: nil, updated_at: nil>[0m
      [36m# ./spec/factories/users.rb:10:in `block (3 levels) in <main>'[0m
      [36m# ./spec/system/02_after_login_spec.rb:4:in `block (2 levels) in <main>'[0m

  81) [STEP2] ユーザログイン後のテスト ユーザ一覧画面のテスト サイドバーの確認 bodyフォームが表示される
      [31mFailure/Error: user.profile_image.attach(io: File.open('spec/images/profile_image.jpeg'), filename: 'profile_image.jpeg', content_type: 'application/xlsx')[0m
      [31m[0m
      [31mNoMethodError:[0m
      [31m  undefined method `profile_image' for #<User id: nil, email: "dane_stark@corwin.example", name: "g481tqbywp", introduction: "0lw5rviflx84haxi24bk", created_at: nil, updated_at: nil>[0m
      [36m# ./spec/factories/users.rb:10:in `block (3 levels) in <main>'[0m
      [36m# ./spec/system/02_after_login_spec.rb:4:in `block (2 levels) in <main>'[0m

  82) [STEP2] ユーザログイン後のテスト ユーザ一覧画面のテスト サイドバーの確認 bodyフォームに値が入っていない
      [31mFailure/Error: user.profile_image.attach(io: File.open('spec/images/profile_image.jpeg'), filename: 'profile_image.jpeg', content_type: 'application/xlsx')[0m
      [31m[0m
      [31mNoMethodError:[0m
      [31m  undefined method `profile_image' for #<User id: nil, email: "fritz@dubuque.test", name: "q0xj2ymbza", introduction: "7ji79lce7348ummb5e7b", created_at: nil, updated_at: nil>[0m
      [36m# ./spec/factories/users.rb:10:in `block (3 levels) in <main>'[0m
      [36m# ./spec/system/02_after_login_spec.rb:4:in `block (2 levels) in <main>'[0m

  83) [STEP2] ユーザログイン後のテスト ユーザ一覧画面のテスト サイドバーの確認 Create Bookボタンが表示される
      [31mFailure/Error: user.profile_image.attach(io: File.open('spec/images/profile_image.jpeg'), filename: 'profile_image.jpeg', content_type: 'application/xlsx')[0m
      [31m[0m
      [31mNoMethodError:[0m
      [31m  undefined method `profile_image' for #<User id: nil, email: "buford@pfeffer.test", name: "eshexmkqal", introduction: "h1s8comwzgs3tpmaomdq", created_at: nil, updated_at: nil>[0m
      [36m# ./spec/factories/users.rb:10:in `block (3 levels) in <main>'[0m
      [36m# ./spec/system/02_after_login_spec.rb:4:in `block (2 levels) in <main>'[0m

  84) [STEP2] ユーザログイン後のテスト 自分のユーザ詳細画面のテスト 表示の確認 URLが正しい
      [31mFailure/Error: user.profile_image.attach(io: File.open('spec/images/profile_image.jpeg'), filename: 'profile_image.jpeg', content_type: 'application/xlsx')[0m
      [31m[0m
      [31mNoMethodError:[0m
      [31m  undefined method `profile_image' for #<User id: nil, email: "deanna@robel.test", name: "yv3v6a3bxi", introduction: "ufivm1sr7is1nbwlywob", created_at: nil, updated_at: nil>[0m
      [36m# ./spec/factories/users.rb:10:in `block (3 levels) in <main>'[0m
      [36m# ./spec/system/02_after_login_spec.rb:4:in `block (2 levels) in <main>'[0m

  85) [STEP2] ユーザログイン後のテスト 自分のユーザ詳細画面のテスト 表示の確認 投稿一覧のユーザ画像のリンク先が正しい
      [31mFailure/Error: user.profile_image.attach(io: File.open('spec/images/profile_image.jpeg'), filename: 'profile_image.jpeg', content_type: 'application/xlsx')[0m
      [31m[0m
      [31mNoMethodError:[0m
      [31m  undefined method `profile_image' for #<User id: nil, email: "arturo_herzog@gerhold.test", name: "clsukyf0cd", introduction: "yp7kjstcvxdylk2m0k1p", created_at: nil, updated_at: nil>[0m
      [36m# ./spec/factories/users.rb:10:in `block (3 levels) in <main>'[0m
      [36m# ./spec/system/02_after_login_spec.rb:4:in `block (2 levels) in <main>'[0m

  86) [STEP2] ユーザログイン後のテスト 自分のユーザ詳細画面のテスト 表示の確認 投稿一覧に自分の投稿のtitleが表示され、リンクが正しい
      [31mFailure/Error: user.profile_image.attach(io: File.open('spec/images/profile_image.jpeg'), filename: 'profile_image.jpeg', content_type: 'application/xlsx')[0m
      [31m[0m
      [31mNoMethodError:[0m
      [31m  undefined method `profile_image' for #<User id: nil, email: "cedrick.mills@reichert.test", name: "ts3tz2eq0j", introduction: "1tegivjcp4nw0zeo05yd", created_at: nil, updated_at: nil>[0m
      [36m# ./spec/factories/users.rb:10:in `block (3 levels) in <main>'[0m
      [36m# ./spec/system/02_after_login_spec.rb:4:in `block (2 levels) in <main>'[0m

  87) [STEP2] ユーザログイン後のテスト 自分のユーザ詳細画面のテスト 表示の確認 投稿一覧に自分の投稿のbodyが表示される
      [31mFailure/Error: user.profile_image.attach(io: File.open('spec/images/profile_image.jpeg'), filename: 'profile_image.jpeg', content_type: 'application/xlsx')[0m
      [31m[0m
      [31mNoMethodError:[0m
      [31m  undefined method `profile_image' for #<User id: nil, email: "pearl@wisozk.test", name: "ijskdolcaa", introduction: "ndv01q4j5dtzkxykaztd", created_at: nil, updated_at: nil>[0m
      [36m# ./spec/factories/users.rb:10:in `block (3 levels) in <main>'[0m
      [36m# ./spec/system/02_after_login_spec.rb:4:in `block (2 levels) in <main>'[0m

  88) [STEP2] ユーザログイン後のテスト 自分のユーザ詳細画面のテスト 表示の確認 他人の投稿は表示されない
      [31mFailure/Error: user.profile_image.attach(io: File.open('spec/images/profile_image.jpeg'), filename: 'profile_image.jpeg', content_type: 'application/xlsx')[0m
      [31m[0m
      [31mNoMethodError:[0m
      [31m  undefined method `profile_image' for #<User id: nil, email: "mariano@homenick.test", name: "2otla9dzvt", introduction: "r5gy5i0t2s0t9ammsupo", created_at: nil, updated_at: nil>[0m
      [36m# ./spec/factories/users.rb:10:in `block (3 levels) in <main>'[0m
      [36m# ./spec/system/02_after_login_spec.rb:4:in `block (2 levels) in <main>'[0m

  89) [STEP2] ユーザログイン後のテスト 自分のユーザ詳細画面のテスト サイドバーの確認 自分の名前と紹介文が表示される
      [31mFailure/Error: user.profile_image.attach(io: File.open('spec/images/profile_image.jpeg'), filename: 'profile_image.jpeg', content_type: 'application/xlsx')[0m
      [31m[0m
      [31mNoMethodError:[0m
      [31m  undefined method `profile_image' for #<User id: nil, email: "bernardo.hirthe@larkin.test", name: "bpaaeb98rg", introduction: "kcltm5ctjsspfsrtfzdn", created_at: nil, updated_at: nil>[0m
      [36m# ./spec/factories/users.rb:10:in `block (3 levels) in <main>'[0m
      [36m# ./spec/system/02_after_login_spec.rb:4:in `block (2 levels) in <main>'[0m

  90) [STEP2] ユーザログイン後のテスト 自分のユーザ詳細画面のテスト サイドバーの確認 自分のユーザ編集画面へのリンクが存在する
      [31mFailure/Error: user.profile_image.attach(io: File.open('spec/images/profile_image.jpeg'), filename: 'profile_image.jpeg', content_type: 'application/xlsx')[0m
      [31m[0m
      [31mNoMethodError:[0m
      [31m  undefined method `profile_image' for #<User id: nil, email: "henriette.kunze@kling.test", name: "d0ijulf1mv", introduction: "tvfrm2sfk31zdbiy2c9m", created_at: nil, updated_at: nil>[0m
      [36m# ./spec/factories/users.rb:10:in `block (3 levels) in <main>'[0m
      [36m# ./spec/system/02_after_login_spec.rb:4:in `block (2 levels) in <main>'[0m

  91) [STEP2] ユーザログイン後のテスト 自分のユーザ詳細画面のテスト サイドバーの確認 「New book」と表示される
      [31mFailure/Error: user.profile_image.attach(io: File.open('spec/images/profile_image.jpeg'), filename: 'profile_image.jpeg', content_type: 'application/xlsx')[0m
      [31m[0m
      [31mNoMethodError:[0m
      [31m  undefined method `profile_image' for #<User id: nil, email: "christiana@davis.example", name: "mz42f4f4sq", introduction: "82chb87wdbraq83840at", created_at: nil, updated_at: nil>[0m
      [36m# ./spec/factories/users.rb:10:in `block (3 levels) in <main>'[0m
      [36m# ./spec/system/02_after_login_spec.rb:4:in `block (2 levels) in <main>'[0m

  92) [STEP2] ユーザログイン後のテスト 自分のユーザ詳細画面のテスト サイドバーの確認 titleフォームが表示される
      [31mFailure/Error: user.profile_image.attach(io: File.open('spec/images/profile_image.jpeg'), filename: 'profile_image.jpeg', content_type: 'application/xlsx')[0m
      [31m[0m
      [31mNoMethodError:[0m
      [31m  undefined method `profile_image' for #<User id: nil, email: "gayle.feil@powlowski-lowe.test", name: "rdpjkeswey", introduction: "k6yfbwiyj7cqsn00e5so", created_at: nil, updated_at: nil>[0m
      [36m# ./spec/factories/users.rb:10:in `block (3 levels) in <main>'[0m
      [36m# ./spec/system/02_after_login_spec.rb:4:in `block (2 levels) in <main>'[0m

  93) [STEP2] ユーザログイン後のテスト 自分のユーザ詳細画面のテスト サイドバーの確認 titleフォームに値が入っていない
      [31mFailure/Error: user.profile_image.attach(io: File.open('spec/images/profile_image.jpeg'), filename: 'profile_image.jpeg', content_type: 'application/xlsx')[0m
      [31m[0m
      [31mNoMethodError:[0m
      [31m  undefined method `profile_image' for #<User id: nil, email: "king_lueilwitz@bogisich-maggio.test", name: "pv5u17uggv", introduction: "xlngdg4siul45fqg4ypg", created_at: nil, updated_at: nil>[0m
      [36m# ./spec/factories/users.rb:10:in `block (3 levels) in <main>'[0m
      [36m# ./spec/system/02_after_login_spec.rb:4:in `block (2 levels) in <main>'[0m

  94) [STEP2] ユーザログイン後のテスト 自分のユーザ詳細画面のテスト サイドバーの確認 bodyフォームが表示される
      [31mFailure/Error: user.profile_image.attach(io: File.open('spec/images/profile_image.jpeg'), filename: 'profile_image.jpeg', content_type: 'application/xlsx')[0m
      [31m[0m
      [31mNoMethodError:[0m
      [31m  undefined method `profile_image' for #<User id: nil, email: "neal@senger-goodwin.example", name: "37moafjae4", introduction: "ltlymnvbazlme5qpipae", created_at: nil, updated_at: nil>[0m
      [36m# ./spec/factories/users.rb:10:in `block (3 levels) in <main>'[0m
      [36m# ./spec/system/02_after_login_spec.rb:4:in `block (2 levels) in <main>'[0m

  95) [STEP2] ユーザログイン後のテスト 自分のユーザ詳細画面のテスト サイドバーの確認 bodyフォームに値が入っていない
      [31mFailure/Error: user.profile_image.attach(io: File.open('spec/images/profile_image.jpeg'), filename: 'profile_image.jpeg', content_type: 'application/xlsx')[0m
      [31m[0m
      [31mNoMethodError:[0m
      [31m  undefined method `profile_image' for #<User id: nil, email: "mose@pouros-bechtelar.example", name: "6kq1du4wda", introduction: "os25hy4mw15nmrmm2j1a", created_at: nil, updated_at: nil>[0m
      [36m# ./spec/factories/users.rb:10:in `block (3 levels) in <main>'[0m
      [36m# ./spec/system/02_after_login_spec.rb:4:in `block (2 levels) in <main>'[0m

  96) [STEP2] ユーザログイン後のテスト 自分のユーザ詳細画面のテスト サイドバーの確認 Create Bookボタンが表示される
      [31mFailure/Error: user.profile_image.attach(io: File.open('spec/images/profile_image.jpeg'), filename: 'profile_image.jpeg', content_type: 'application/xlsx')[0m
      [31m[0m
      [31mNoMethodError:[0m
      [31m  undefined method `profile_image' for #<User id: nil, email: "darell@von.test", name: "uf53jaozaq", introduction: "au1huhr2c9y2n2phawyv", created_at: nil, updated_at: nil>[0m
      [36m# ./spec/factories/users.rb:10:in `block (3 levels) in <main>'[0m
      [36m# ./spec/system/02_after_login_spec.rb:4:in `block (2 levels) in <main>'[0m

  97) [STEP2] ユーザログイン後のテスト 自分のユーザ情報編集画面のテスト 表示の確認 URLが正しい
      [31mFailure/Error: user.profile_image.attach(io: File.open('spec/images/profile_image.jpeg'), filename: 'profile_image.jpeg', content_type: 'application/xlsx')[0m
      [31m[0m
      [31mNoMethodError:[0m
      [31m  undefined method `profile_image' for #<User id: nil, email: "faustina_spencer@kuhn.example", name: "wv4awj7o09", introduction: "e8de2goj9t410m1kgjp2", created_at: nil, updated_at: nil>[0m
      [36m# ./spec/factories/users.rb:10:in `block (3 levels) in <main>'[0m
      [36m# ./spec/system/02_after_login_spec.rb:4:in `block (2 levels) in <main>'[0m

  98) [STEP2] ユーザログイン後のテスト 自分のユーザ情報編集画面のテスト 表示の確認 名前編集フォームに自分の名前が表示される
      [31mFailure/Error: user.profile_image.attach(io: File.open('spec/images/profile_image.jpeg'), filename: 'profile_image.jpeg', content_type: 'application/xlsx')[0m
      [31m[0m
      [31mNoMethodError:[0m
      [31m  undefined method `profile_image' for #<User id: nil, email: "delora@jakubowski.test", name: "4ipxzf8abi", introduction: "6154eih0mvbqvsg10l2x", created_at: nil, updated_at: nil>[0m
      [36m# ./spec/factories/users.rb:10:in `block (3 levels) in <main>'[0m
      [36m# ./spec/system/02_after_login_spec.rb:4:in `block (2 levels) in <main>'[0m

  99) [STEP2] ユーザログイン後のテスト 自分のユーザ情報編集画面のテスト 表示の確認 画像編集フォームが表示される
      [31mFailure/Error: user.profile_image.attach(io: File.open('spec/images/profile_image.jpeg'), filename: 'profile_image.jpeg', content_type: 'application/xlsx')[0m
      [31m[0m
      [31mNoMethodError:[0m
      [31m  undefined method `profile_image' for #<User id: nil, email: "iliana@turcotte.test", name: "fh2p4jsfw8", introduction: "shej5ha55dz2bqaihubr", created_at: nil, updated_at: nil>[0m
      [36m# ./spec/factories/users.rb:10:in `block (3 levels) in <main>'[0m
      [36m# ./spec/system/02_after_login_spec.rb:4:in `block (2 levels) in <main>'[0m

  100) [STEP2] ユーザログイン後のテスト 自分のユーザ情報編集画面のテスト 表示の確認 自己紹介編集フォームに自分の自己紹介文が表示される
       [31mFailure/Error: user.profile_image.attach(io: File.open('spec/images/profile_image.jpeg'), filename: 'profile_image.jpeg', content_type: 'application/xlsx')[0m
       [31m[0m
       [31mNoMethodError:[0m
       [31m  undefined method `profile_image' for #<User id: nil, email: "eleonore@considine.example", name: "w976p6pane", introduction: "ka1qvwy1lermwqlu39z3", created_at: nil, updated_at: nil>[0m
       [36m# ./spec/factories/users.rb:10:in `block (3 levels) in <main>'[0m
       [36m# ./spec/system/02_after_login_spec.rb:4:in `block (2 levels) in <main>'[0m

  101) [STEP2] ユーザログイン後のテスト 自分のユーザ情報編集画面のテスト 表示の確認 Update Userボタンが表示される
       [31mFailure/Error: user.profile_image.attach(io: File.open('spec/images/profile_image.jpeg'), filename: 'profile_image.jpeg', content_type: 'application/xlsx')[0m
       [31m[0m
       [31mNoMethodError:[0m
       [31m  undefined method `profile_image' for #<User id: nil, email: "rob@deckow.test", name: "s060webcdn", introduction: "k6cdbqg8mo6czvqg719l", created_at: nil, updated_at: nil>[0m
       [36m# ./spec/factories/users.rb:10:in `block (3 levels) in <main>'[0m
       [36m# ./spec/system/02_after_login_spec.rb:4:in `block (2 levels) in <main>'[0m

  102) [STEP2] ユーザログイン後のテスト 自分のユーザ情報編集画面のテスト 更新成功のテスト nameが正しく更新される
       [31mFailure/Error: user.profile_image.attach(io: File.open('spec/images/profile_image.jpeg'), filename: 'profile_image.jpeg', content_type: 'application/xlsx')[0m
       [31m[0m
       [31mNoMethodError:[0m
       [31m  undefined method `profile_image' for #<User id: nil, email: "ghislaine@botsford.test", name: "ddx0li3fvd", introduction: "iiruxb26p9so0ms1eim6", created_at: nil, updated_at: nil>[0m
       [36m# ./spec/factories/users.rb:10:in `block (3 levels) in <main>'[0m
       [36m# ./spec/system/02_after_login_spec.rb:4:in `block (2 levels) in <main>'[0m

  103) [STEP2] ユーザログイン後のテスト 自分のユーザ情報編集画面のテスト 更新成功のテスト introductionが正しく更新される
       [31mFailure/Error: user.profile_image.attach(io: File.open('spec/images/profile_image.jpeg'), filename: 'profile_image.jpeg', content_type: 'application/xlsx')[0m
       [31m[0m
       [31mNoMethodError:[0m
       [31m  undefined method `profile_image' for #<User id: nil, email: "german@becker-abshire.example", name: "awvd9st2z5", introduction: "3c66oknd6efic53y5g1w", created_at: nil, updated_at: nil>[0m
       [36m# ./spec/factories/users.rb:10:in `block (3 levels) in <main>'[0m
       [36m# ./spec/system/02_after_login_spec.rb:4:in `block (2 levels) in <main>'[0m

  104) [STEP2] ユーザログイン後のテスト 自分のユーザ情報編集画面のテスト 更新成功のテスト リダイレクト先が、自分のユーザ詳細画面になっている
       [31mFailure/Error: user.profile_image.attach(io: File.open('spec/images/profile_image.jpeg'), filename: 'profile_image.jpeg', content_type: 'application/xlsx')[0m
       [31m[0m
       [31mNoMethodError:[0m
       [31m  undefined method `profile_image' for #<User id: nil, email: "lonny.homenick@sanford-hayes.test", name: "okoaary5q8", introduction: "xs7hzfip8e70ouz0ql4a", created_at: nil, updated_at: nil>[0m
       [36m# ./spec/factories/users.rb:10:in `block (3 levels) in <main>'[0m
       [36m# ./spec/system/02_after_login_spec.rb:4:in `block (2 levels) in <main>'[0m

  105) [STEP3] 仕上げのテスト サクセスメッセージのテスト ユーザ新規登録成功時
       [31mFailure/Error: user.profile_image.attach(io: File.open('spec/images/profile_image.jpeg'), filename: 'profile_image.jpeg', content_type: 'application/xlsx')[0m
       [31m[0m
       [31mNoMethodError:[0m
       [31m  undefined method `profile_image' for #<User id: nil, email: "ja.bradtke@hilpert.test", name: "awkp7m9obf", introduction: "bib2zs8q8pl7v9e2ykjf", created_at: nil, updated_at: nil>[0m
       [36m# ./spec/factories/users.rb:10:in `block (3 levels) in <main>'[0m
       [36m# ./spec/system/03_finishing_touches_spec.rb:4:in `block (2 levels) in <main>'[0m

  106) [STEP3] 仕上げのテスト サクセスメッセージのテスト ユーザログイン成功時
       [31mFailure/Error: user.profile_image.attach(io: File.open('spec/images/profile_image.jpeg'), filename: 'profile_image.jpeg', content_type: 'application/xlsx')[0m
       [31m[0m
       [31mNoMethodError:[0m
       [31m  undefined method `profile_image' for #<User id: nil, email: "sharice@blick.test", name: "dz8lyebc7k", introduction: "5x1c5xp2tebolrt3p5rm", created_at: nil, updated_at: nil>[0m
       [36m# ./spec/factories/users.rb:10:in `block (3 levels) in <main>'[0m
       [36m# ./spec/system/03_finishing_touches_spec.rb:4:in `block (2 levels) in <main>'[0m

  107) [STEP3] 仕上げのテスト サクセスメッセージのテスト ユーザログアウト成功時
       [31mFailure/Error: user.profile_image.attach(io: File.open('spec/images/profile_image.jpeg'), filename: 'profile_image.jpeg', content_type: 'application/xlsx')[0m
       [31m[0m
       [31mNoMethodError:[0m
       [31m  undefined method `profile_image' for #<User id: nil, email: "tanja.beier@fadel.test", name: "oqk0z29beq", introduction: "294tn4mlji79ukruhdmz", created_at: nil, updated_at: nil>[0m
       [36m# ./spec/factories/users.rb:10:in `block (3 levels) in <main>'[0m
       [36m# ./spec/system/03_finishing_touches_spec.rb:4:in `block (2 levels) in <main>'[0m

  108) [STEP3] 仕上げのテスト サクセスメッセージのテスト ユーザのプロフィール情報更新成功時
       [31mFailure/Error: user.profile_image.attach(io: File.open('spec/images/profile_image.jpeg'), filename: 'profile_image.jpeg', content_type: 'application/xlsx')[0m
       [31m[0m
       [31mNoMethodError:[0m
       [31m  undefined method `profile_image' for #<User id: nil, email: "patience@heidenreich-greenfelder.test", name: "v9kng8d5k2", introduction: "0mnxrgfh1fva3w1cjz8i", created_at: nil, updated_at: nil>[0m
       [36m# ./spec/factories/users.rb:10:in `block (3 levels) in <main>'[0m
       [36m# ./spec/system/03_finishing_touches_spec.rb:4:in `block (2 levels) in <main>'[0m

  109) [STEP3] 仕上げのテスト サクセスメッセージのテスト 投稿データの新規投稿成功時: 投稿一覧画面から行います。
       [31mFailure/Error: user.profile_image.attach(io: File.open('spec/images/profile_image.jpeg'), filename: 'profile_image.jpeg', content_type: 'application/xlsx')[0m
       [31m[0m
       [31mNoMethodError:[0m
       [31m  undefined method `profile_image' for #<User id: nil, email: "israel@simonis.example", name: "1v13t83fpe", introduction: "txhloyzqv9a9at40u8n7", created_at: nil, updated_at: nil>[0m
       [36m# ./spec/factories/users.rb:10:in `block (3 levels) in <main>'[0m
       [36m# ./spec/system/03_finishing_touches_spec.rb:4:in `block (2 levels) in <main>'[0m

  110) [STEP3] 仕上げのテスト サクセスメッセージのテスト 投稿データの更新成功時
       [31mFailure/Error: user.profile_image.attach(io: File.open('spec/images/profile_image.jpeg'), filename: 'profile_image.jpeg', content_type: 'application/xlsx')[0m
       [31m[0m
       [31mNoMethodError:[0m
       [31m  undefined method `profile_image' for #<User id: nil, email: "rochell@monahan-sipes.example", name: "hewe75i7g6", introduction: "0kaxd9r4nj7q1zheh02y", created_at: nil, updated_at: nil>[0m
       [36m# ./spec/factories/users.rb:10:in `block (3 levels) in <main>'[0m
       [36m# ./spec/system/03_finishing_touches_spec.rb:4:in `block (2 levels) in <main>'[0m

  111) [STEP3] 仕上げのテスト 処理失敗時のテスト ユーザ新規登録失敗: nameを1文字にする 新規登録されない
       [31mFailure/Error: user.profile_image.attach(io: File.open('spec/images/profile_image.jpeg'), filename: 'profile_image.jpeg', content_type: 'application/xlsx')[0m
       [31m[0m
       [31mNoMethodError:[0m
       [31m  undefined method `profile_image' for #<User id: nil, email: "jefferey@hoppe.example", name: "nfyswhos98", introduction: "mxiea88fmnz2v0h1th2c", created_at: nil, updated_at: nil>[0m
       [36m# ./spec/factories/users.rb:10:in `block (3 levels) in <main>'[0m
       [36m# ./spec/system/03_finishing_touches_spec.rb:4:in `block (2 levels) in <main>'[0m

  112) [STEP3] 仕上げのテスト 処理失敗時のテスト ユーザ新規登録失敗: nameを1文字にする 新規登録画面を表示しており、フォームの内容が正しい
       [31mFailure/Error: user.profile_image.attach(io: File.open('spec/images/profile_image.jpeg'), filename: 'profile_image.jpeg', content_type: 'application/xlsx')[0m
       [31m[0m
       [31mNoMethodError:[0m
       [31m  undefined method `profile_image' for #<User id: nil, email: "clemente.harvey@hauck.test", name: "nzqpmvj8ab", introduction: "57nl6e07iiubodkpitym", created_at: nil, updated_at: nil>[0m
       [36m# ./spec/factories/users.rb:10:in `block (3 levels) in <main>'[0m
       [36m# ./spec/system/03_finishing_touches_spec.rb:4:in `block (2 levels) in <main>'[0m

  113) [STEP3] 仕上げのテスト 処理失敗時のテスト ユーザ新規登録失敗: nameを1文字にする バリデーションエラーが表示される
       [31mFailure/Error: user.profile_image.attach(io: File.open('spec/images/profile_image.jpeg'), filename: 'profile_image.jpeg', content_type: 'application/xlsx')[0m
       [31m[0m
       [31mNoMethodError:[0m
       [31m  undefined method `profile_image' for #<User id: nil, email: "arden@bechtelar.example", name: "t0dpacfkl3", introduction: "or1vq71own74y3m89yi1", created_at: nil, updated_at: nil>[0m
       [36m# ./spec/factories/users.rb:10:in `block (3 levels) in <main>'[0m
       [36m# ./spec/system/03_finishing_touches_spec.rb:4:in `block (2 levels) in <main>'[0m

  114) [STEP3] 仕上げのテスト 処理失敗時のテスト ユーザのプロフィール情報編集失敗: nameを1文字にする 更新されない
       [31mFailure/Error: user.profile_image.attach(io: File.open('spec/images/profile_image.jpeg'), filename: 'profile_image.jpeg', content_type: 'application/xlsx')[0m
       [31m[0m
       [31mNoMethodError:[0m
       [31m  undefined method `profile_image' for #<User id: nil, email: "emogene@goyette.test", name: "4fxfiv529c", introduction: "i57go1jktfnegptc2307", created_at: nil, updated_at: nil>[0m
       [36m# ./spec/factories/users.rb:10:in `block (3 levels) in <main>'[0m
       [36m# ./spec/system/03_finishing_touches_spec.rb:4:in `block (2 levels) in <main>'[0m

  115) [STEP3] 仕上げのテスト 処理失敗時のテスト ユーザのプロフィール情報編集失敗: nameを1文字にする ユーザ編集画面を表示しており、フォームの内容が正しい
       [31mFailure/Error: user.profile_image.attach(io: File.open('spec/images/profile_image.jpeg'), filename: 'profile_image.jpeg', content_type: 'application/xlsx')[0m
       [31m[0m
       [31mNoMethodError:[0m
       [31m  undefined method `profile_image' for #<User id: nil, email: "dean.quigley@legros.example", name: "0tmo2os4e7", introduction: "ad1h1eh942hu18zqiuye", created_at: nil, updated_at: nil>[0m
       [36m# ./spec/factories/users.rb:10:in `block (3 levels) in <main>'[0m
       [36m# ./spec/system/03_finishing_touches_spec.rb:4:in `block (2 levels) in <main>'[0m

  116) [STEP3] 仕上げのテスト 処理失敗時のテスト ユーザのプロフィール情報編集失敗: nameを1文字にする バリデーションエラーが表示される
       [31mFailure/Error: user.profile_image.attach(io: File.open('spec/images/profile_image.jpeg'), filename: 'profile_image.jpeg', content_type: 'application/xlsx')[0m
       [31m[0m
       [31mNoMethodError:[0m
       [31m  undefined method `profile_image' for #<User id: nil, email: "aleisha@turcotte.test", name: "p8j5r25j9o", introduction: "t5s3zi3hp0psk7o4x0kj", created_at: nil, updated_at: nil>[0m
       [36m# ./spec/factories/users.rb:10:in `block (3 levels) in <main>'[0m
       [36m# ./spec/system/03_finishing_touches_spec.rb:4:in `block (2 levels) in <main>'[0m

  117) [STEP3] 仕上げのテスト 処理失敗時のテスト 投稿データの新規投稿失敗: 投稿一覧画面から行い、titleを空にする 投稿が保存されない
       [31mFailure/Error: user.profile_image.attach(io: File.open('spec/images/profile_image.jpeg'), filename: 'profile_image.jpeg', content_type: 'application/xlsx')[0m
       [31m[0m
       [31mNoMethodError:[0m
       [31m  undefined method `profile_image' for #<User id: nil, email: "hyman@beier-doyle.example", name: "w8dnxwvuer", introduction: "r939am3xcmkgjhzgvwko", created_at: nil, updated_at: nil>[0m
       [36m# ./spec/factories/users.rb:10:in `block (3 levels) in <main>'[0m
       [36m# ./spec/system/03_finishing_touches_spec.rb:4:in `block (2 levels) in <main>'[0m

  118) [STEP3] 仕上げのテスト 処理失敗時のテスト 投稿データの新規投稿失敗: 投稿一覧画面から行い、titleを空にする 投稿一覧画面を表示している
       [31mFailure/Error: user.profile_image.attach(io: File.open('spec/images/profile_image.jpeg'), filename: 'profile_image.jpeg', content_type: 'application/xlsx')[0m
       [31m[0m
       [31mNoMethodError:[0m
       [31m  undefined method `profile_image' for #<User id: nil, email: "cythia.koch@wintheiser.test", name: "0srwx8mmvg", introduction: "flmjwss2z0a29nu8jg2l", created_at: nil, updated_at: nil>[0m
       [36m# ./spec/factories/users.rb:10:in `block (3 levels) in <main>'[0m
       [36m# ./spec/system/03_finishing_touches_spec.rb:4:in `block (2 levels) in <main>'[0m

  119) [STEP3] 仕上げのテスト 処理失敗時のテスト 投稿データの新規投稿失敗: 投稿一覧画面から行い、titleを空にする 新規投稿フォームの内容が正しい
       [31mFailure/Error: user.profile_image.attach(io: File.open('spec/images/profile_image.jpeg'), filename: 'profile_image.jpeg', content_type: 'application/xlsx')[0m
       [31m[0m
       [31mNoMethodError:[0m
       [31m  undefined method `profile_image' for #<User id: nil, email: "maria@champlin-bode.example", name: "k1arzprrsv", introduction: "4z2rx96w24vdfoog9ik0", created_at: nil, updated_at: nil>[0m
       [36m# ./spec/factories/users.rb:10:in `block (3 levels) in <main>'[0m
       [36m# ./spec/system/03_finishing_touches_spec.rb:4:in `block (2 levels) in <main>'[0m

  120) [STEP3] 仕上げのテスト 処理失敗時のテスト 投稿データの新規投稿失敗: 投稿一覧画面から行い、titleを空にする バリデーションエラーが表示される
       [31mFailure/Error: user.profile_image.attach(io: File.open('spec/images/profile_image.jpeg'), filename: 'profile_image.jpeg', content_type: 'application/xlsx')[0m
       [31m[0m
       [31mNoMethodError:[0m
       [31m  undefined method `profile_image' for #<User id: nil, email: "lola.okon@howe.test", name: "x4fmkll5xe", introduction: "ias4bqmwvsrax819ekld", created_at: nil, updated_at: nil>[0m
       [36m# ./spec/factories/users.rb:10:in `block (3 levels) in <main>'[0m
       [36m# ./spec/system/03_finishing_touches_spec.rb:4:in `block (2 levels) in <main>'[0m

  121) [STEP3] 仕上げのテスト 処理失敗時のテスト 投稿データの更新失敗: titleを空にする 投稿が更新されない
       [31mFailure/Error: user.profile_image.attach(io: File.open('spec/images/profile_image.jpeg'), filename: 'profile_image.jpeg', content_type: 'application/xlsx')[0m
       [31m[0m
       [31mNoMethodError:[0m
       [31m  undefined method `profile_image' for #<User id: nil, email: "caren@nienow.test", name: "pt6jdigu61", introduction: "akm65nehnkknaw5rnsva", created_at: nil, updated_at: nil>[0m
       [36m# ./spec/factories/users.rb:10:in `block (3 levels) in <main>'[0m
       [36m# ./spec/system/03_finishing_touches_spec.rb:4:in `block (2 levels) in <main>'[0m

  122) [STEP3] 仕上げのテスト 処理失敗時のテスト 投稿データの更新失敗: titleを空にする 投稿編集画面を表示しており、フォームの内容が正しい
       [31mFailure/Error: user.profile_image.attach(io: File.open('spec/images/profile_image.jpeg'), filename: 'profile_image.jpeg', content_type: 'application/xlsx')[0m
       [31m[0m
       [31mNoMethodError:[0m
       [31m  undefined method `profile_image' for #<User id: nil, email: "trang_mann@kiehn-nader.example", name: "wssmj6eh7e", introduction: "iek0gbjml3ckqn44b7ge", created_at: nil, updated_at: nil>[0m
       [36m# ./spec/factories/users.rb:10:in `block (3 levels) in <main>'[0m
       [36m# ./spec/system/03_finishing_touches_spec.rb:4:in `block (2 levels) in <main>'[0m

  123) [STEP3] 仕上げのテスト 処理失敗時のテスト 投稿データの更新失敗: titleを空にする エラーメッセージが表示される
       [31mFailure/Error: user.profile_image.attach(io: File.open('spec/images/profile_image.jpeg'), filename: 'profile_image.jpeg', content_type: 'application/xlsx')[0m
       [31m[0m
       [31mNoMethodError:[0m
       [31m  undefined method `profile_image' for #<User id: nil, email: "marna@conn-klein.example", name: "c5rr7e9d2k", introduction: "9tpjxw86752rjl8002lg", created_at: nil, updated_at: nil>[0m
       [36m# ./spec/factories/users.rb:10:in `block (3 levels) in <main>'[0m
       [36m# ./spec/system/03_finishing_touches_spec.rb:4:in `block (2 levels) in <main>'[0m

  124) [STEP3] 仕上げのテスト ログインしていない場合のアクセス制限のテスト: アクセスできず、ログイン画面に遷移する ユーザ一覧画面
       [31mFailure/Error: user.profile_image.attach(io: File.open('spec/images/profile_image.jpeg'), filename: 'profile_image.jpeg', content_type: 'application/xlsx')[0m
       [31m[0m
       [31mNoMethodError:[0m
       [31m  undefined method `profile_image' for #<User id: nil, email: "nikole_kohler@mcglynn.test", name: "o9nv8g9fd3", introduction: "n7k5ezn0cmdwtfjiuiji", created_at: nil, updated_at: nil>[0m
       [36m# ./spec/factories/users.rb:10:in `block (3 levels) in <main>'[0m
       [36m# ./spec/system/03_finishing_touches_spec.rb:4:in `block (2 levels) in <main>'[0m

  125) [STEP3] 仕上げのテスト ログインしていない場合のアクセス制限のテスト: アクセスできず、ログイン画面に遷移する ユーザ詳細画面
       [31mFailure/Error: user.profile_image.attach(io: File.open('spec/images/profile_image.jpeg'), filename: 'profile_image.jpeg', content_type: 'application/xlsx')[0m
       [31m[0m
       [31mNoMethodError:[0m
       [31m  undefined method `profile_image' for #<User id: nil, email: "nickolas@abernathy.example", name: "ge9sc6e4bf", introduction: "b2wwngyq0lcrveq17rii", created_at: nil, updated_at: nil>[0m
       [36m# ./spec/factories/users.rb:10:in `block (3 levels) in <main>'[0m
       [36m# ./spec/system/03_finishing_touches_spec.rb:4:in `block (2 levels) in <main>'[0m

  126) [STEP3] 仕上げのテスト ログインしていない場合のアクセス制限のテスト: アクセスできず、ログイン画面に遷移する ユーザ情報編集画面
       [31mFailure/Error: user.profile_image.attach(io: File.open('spec/images/profile_image.jpeg'), filename: 'profile_image.jpeg', content_type: 'application/xlsx')[0m
       [31m[0m
       [31mNoMethodError:[0m
       [31m  undefined method `profile_image' for #<User id: nil, email: "bradly.cartwright@rolfson-buckridge.test", name: "tlac0s3a4h", introduction: "d6xvifomznnmozlm43p5", created_at: nil, updated_at: nil>[0m
       [36m# ./spec/factories/users.rb:10:in `block (3 levels) in <main>'[0m
       [36m# ./spec/system/03_finishing_touches_spec.rb:4:in `block (2 levels) in <main>'[0m

  127) [STEP3] 仕上げのテスト ログインしていない場合のアクセス制限のテスト: アクセスできず、ログイン画面に遷移する 投稿一覧画面
       [31mFailure/Error: user.profile_image.attach(io: File.open('spec/images/profile_image.jpeg'), filename: 'profile_image.jpeg', content_type: 'application/xlsx')[0m
       [31m[0m
       [31mNoMethodError:[0m
       [31m  undefined method `profile_image' for #<User id: nil, email: "chance@russel.test", name: "hrn7oclnx9", introduction: "lw3x41nkjxli8ecxnpqj", created_at: nil, updated_at: nil>[0m
       [36m# ./spec/factories/users.rb:10:in `block (3 levels) in <main>'[0m
       [36m# ./spec/system/03_finishing_touches_spec.rb:4:in `block (2 levels) in <main>'[0m

  128) [STEP3] 仕上げのテスト ログインしていない場合のアクセス制限のテスト: アクセスできず、ログイン画面に遷移する 投稿詳細画面
       [31mFailure/Error: user.profile_image.attach(io: File.open('spec/images/profile_image.jpeg'), filename: 'profile_image.jpeg', content_type: 'application/xlsx')[0m
       [31m[0m
       [31mNoMethodError:[0m
       [31m  undefined method `profile_image' for #<User id: nil, email: "danial@franecki-schaden.test", name: "jm3mq0pinp", introduction: "2g2eee8jbp54rcxrnh2l", created_at: nil, updated_at: nil>[0m
       [36m# ./spec/factories/users.rb:10:in `block (3 levels) in <main>'[0m
       [36m# ./spec/system/03_finishing_touches_spec.rb:4:in `block (2 levels) in <main>'[0m

  129) [STEP3] 仕上げのテスト ログインしていない場合のアクセス制限のテスト: アクセスできず、ログイン画面に遷移する 投稿編集画面
       [31mFailure/Error: user.profile_image.attach(io: File.open('spec/images/profile_image.jpeg'), filename: 'profile_image.jpeg', content_type: 'application/xlsx')[0m
       [31m[0m
       [31mNoMethodError:[0m
       [31m  undefined method `profile_image' for #<User id: nil, email: "leatha_miller@robel.example", name: "83tvynbnr6", introduction: "n7gjh6gvm68b23o76cla", created_at: nil, updated_at: nil>[0m
       [36m# ./spec/factories/users.rb:10:in `block (3 levels) in <main>'[0m
       [36m# ./spec/system/03_finishing_touches_spec.rb:4:in `block (2 levels) in <main>'[0m

  130) [STEP3] 仕上げのテスト 他人の画面のテスト 他人の投稿詳細画面のテスト 表示内容の確認 URLが正しい
       [31mFailure/Error: user.profile_image.attach(io: File.open('spec/images/profile_image.jpeg'), filename: 'profile_image.jpeg', content_type: 'application/xlsx')[0m
       [31m[0m
       [31mNoMethodError:[0m
       [31m  undefined method `profile_image' for #<User id: nil, email: "rickie.keeling@windler-lindgren.example", name: "yaypj8iotu", introduction: "xfj7a11sqprso1nuj6q8", created_at: nil, updated_at: nil>[0m
       [36m# ./spec/factories/users.rb:10:in `block (3 levels) in <main>'[0m
       [36m# ./spec/system/03_finishing_touches_spec.rb:4:in `block (2 levels) in <main>'[0m

  131) [STEP3] 仕上げのテスト 他人の画面のテスト 他人の投稿詳細画面のテスト 表示内容の確認 「Book detail」と表示される
       [31mFailure/Error: user.profile_image.attach(io: File.open('spec/images/profile_image.jpeg'), filename: 'profile_image.jpeg', content_type: 'application/xlsx')[0m
       [31m[0m
       [31mNoMethodError:[0m
       [31m  undefined method `profile_image' for #<User id: nil, email: "lenore.crist@bruen.test", name: "zsfso4xkj0", introduction: "6nc1cnb7z6z2kka2370w", created_at: nil, updated_at: nil>[0m
       [36m# ./spec/factories/users.rb:10:in `block (3 levels) in <main>'[0m
       [36m# ./spec/system/03_finishing_touches_spec.rb:4:in `block (2 levels) in <main>'[0m

  132) [STEP3] 仕上げのテスト 他人の画面のテスト 他人の投稿詳細画面のテスト 表示内容の確認 ユーザ画像・名前のリンク先が正しい
       [31mFailure/Error: user.profile_image.attach(io: File.open('spec/images/profile_image.jpeg'), filename: 'profile_image.jpeg', content_type: 'application/xlsx')[0m
       [31m[0m
       [31mNoMethodError:[0m
       [31m  undefined method `profile_image' for #<User id: nil, email: "kamala@bartoletti-ritchie.test", name: "84w1jr3lew", introduction: "r3b8t196qsqe1rm7wnhs", created_at: nil, updated_at: nil>[0m
       [36m# ./spec/factories/users.rb:10:in `block (3 levels) in <main>'[0m
       [36m# ./spec/system/03_finishing_touches_spec.rb:4:in `block (2 levels) in <main>'[0m

  133) [STEP3] 仕上げのテスト 他人の画面のテスト 他人の投稿詳細画面のテスト 表示内容の確認 投稿のtitleが表示される
       [31mFailure/Error: user.profile_image.attach(io: File.open('spec/images/profile_image.jpeg'), filename: 'profile_image.jpeg', content_type: 'application/xlsx')[0m
       [31m[0m
       [31mNoMethodError:[0m
       [31m  undefined method `profile_image' for #<User id: nil, email: "delmar@bergstrom.example", name: "2jc55a356p", introduction: "kfa4a65rttylea3jszh9", created_at: nil, updated_at: nil>[0m
       [36m# ./spec/factories/users.rb:10:in `block (3 levels) in <main>'[0m
       [36m# ./spec/system/03_finishing_touches_spec.rb:4:in `block (2 levels) in <main>'[0m

  134) [STEP3] 仕上げのテスト 他人の画面のテスト 他人の投稿詳細画面のテスト 表示内容の確認 投稿のopinionが表示される
       [31mFailure/Error: user.profile_image.attach(io: File.open('spec/images/profile_image.jpeg'), filename: 'profile_image.jpeg', content_type: 'application/xlsx')[0m
       [31m[0m
       [31mNoMethodError:[0m
       [31m  undefined method `profile_image' for #<User id: nil, email: "ileen_dach@gorczany.test", name: "6n6vymtolw", introduction: "3oviv762i60g8k4oxwrd", created_at: nil, updated_at: nil>[0m
       [36m# ./spec/factories/users.rb:10:in `block (3 levels) in <main>'[0m
       [36m# ./spec/system/03_finishing_touches_spec.rb:4:in `block (2 levels) in <main>'[0m

  135) [STEP3] 仕上げのテスト 他人の画面のテスト 他人の投稿詳細画面のテスト 表示内容の確認 投稿の編集リンクが表示されない
       [31mFailure/Error: user.profile_image.attach(io: File.open('spec/images/profile_image.jpeg'), filename: 'profile_image.jpeg', content_type: 'application/xlsx')[0m
       [31m[0m
       [31mNoMethodError:[0m
       [31m  undefined method `profile_image' for #<User id: nil, email: "vern@olson-paucek.test", name: "gwjc0mo9jz", introduction: "d5fqg7swyse55a0cp555", created_at: nil, updated_at: nil>[0m
       [36m# ./spec/factories/users.rb:10:in `block (3 levels) in <main>'[0m
       [36m# ./spec/system/03_finishing_touches_spec.rb:4:in `block (2 levels) in <main>'[0m

  136) [STEP3] 仕上げのテスト 他人の画面のテスト 他人の投稿詳細画面のテスト 表示内容の確認 投稿の削除リンクが表示されない
       [31mFailure/Error: user.profile_image.attach(io: File.open('spec/images/profile_image.jpeg'), filename: 'profile_image.jpeg', content_type: 'application/xlsx')[0m
       [31m[0m
       [31mNoMethodError:[0m
       [31m  undefined method `profile_image' for #<User id: nil, email: "chung_gutmann@green.example", name: "gi3x201o1v", introduction: "k670anfdu8h1bzqbnekf", created_at: nil, updated_at: nil>[0m
       [36m# ./spec/factories/users.rb:10:in `block (3 levels) in <main>'[0m
       [36m# ./spec/system/03_finishing_touches_spec.rb:4:in `block (2 levels) in <main>'[0m

  137) [STEP3] 仕上げのテスト 他人の画面のテスト 他人の投稿詳細画面のテスト サイドバーの確認 他人の名前と紹介文が表示される
       [31mFailure/Error: user.profile_image.attach(io: File.open('spec/images/profile_image.jpeg'), filename: 'profile_image.jpeg', content_type: 'application/xlsx')[0m
       [31m[0m
       [31mNoMethodError:[0m
       [31m  undefined method `profile_image' for #<User id: nil, email: "howard@zulauf.test", name: "ij30eqbytw", introduction: "evsfl6mk30r717qex3lx", created_at: nil, updated_at: nil>[0m
       [36m# ./spec/factories/users.rb:10:in `block (3 levels) in <main>'[0m
       [36m# ./spec/system/03_finishing_touches_spec.rb:4:in `block (2 levels) in <main>'[0m

  138) [STEP3] 仕上げのテスト 他人の画面のテスト 他人の投稿詳細画面のテスト サイドバーの確認 他人のユーザ編集画面へのリンクが存在する
       [31mFailure/Error: user.profile_image.attach(io: File.open('spec/images/profile_image.jpeg'), filename: 'profile_image.jpeg', content_type: 'application/xlsx')[0m
       [31m[0m
       [31mNoMethodError:[0m
       [31m  undefined method `profile_image' for #<User id: nil, email: "kecia@adams.test", name: "s9hgbyk1qt", introduction: "9imeqxglpnchwvtep0hp", created_at: nil, updated_at: nil>[0m
       [36m# ./spec/factories/users.rb:10:in `block (3 levels) in <main>'[0m
       [36m# ./spec/system/03_finishing_touches_spec.rb:4:in `block (2 levels) in <main>'[0m

  139) [STEP3] 仕上げのテスト 他人の画面のテスト 他人の投稿詳細画面のテスト サイドバーの確認 自分の名前と紹介文は表示されない
       [31mFailure/Error: user.profile_image.attach(io: File.open('spec/images/profile_image.jpeg'), filename: 'profile_image.jpeg', content_type: 'application/xlsx')[0m
       [31m[0m
       [31mNoMethodError:[0m
       [31m  undefined method `profile_image' for #<User id: nil, email: "waylon@feest.example", name: "3ad0hb2aqp", introduction: "7u5vhyrt87u2ntk6spfl", created_at: nil, updated_at: nil>[0m
       [36m# ./spec/factories/users.rb:10:in `block (3 levels) in <main>'[0m
       [36m# ./spec/system/03_finishing_touches_spec.rb:4:in `block (2 levels) in <main>'[0m

  140) [STEP3] 仕上げのテスト 他人の画面のテスト 他人の投稿詳細画面のテスト サイドバーの確認 自分のユーザ編集画面へのリンクは存在しない
       [31mFailure/Error: user.profile_image.attach(io: File.open('spec/images/profile_image.jpeg'), filename: 'profile_image.jpeg', content_type: 'application/xlsx')[0m
       [31m[0m
       [31mNoMethodError:[0m
       [31m  undefined method `profile_image' for #<User id: nil, email: "abigail@ortiz.example", name: "g6m49hxugd", introduction: "i6olkkhwya8f9vnmol9i", created_at: nil, updated_at: nil>[0m
       [36m# ./spec/factories/users.rb:10:in `block (3 levels) in <main>'[0m
       [36m# ./spec/system/03_finishing_touches_spec.rb:4:in `block (2 levels) in <main>'[0m

  141) [STEP3] 仕上げのテスト 他人の画面のテスト 他人の投稿編集画面 遷移できず、投稿一覧画面にリダイレクトされる
       [31mFailure/Error: user.profile_image.attach(io: File.open('spec/images/profile_image.jpeg'), filename: 'profile_image.jpeg', content_type: 'application/xlsx')[0m
       [31m[0m
       [31mNoMethodError:[0m
       [31m  undefined method `profile_image' for #<User id: nil, email: "reggie_schuppe@bode.test", name: "cpaqvx1ndq", introduction: "f5q4rcurldem29git8ix", created_at: nil, updated_at: nil>[0m
       [36m# ./spec/factories/users.rb:10:in `block (3 levels) in <main>'[0m
       [36m# ./spec/system/03_finishing_touches_spec.rb:4:in `block (2 levels) in <main>'[0m

  142) [STEP3] 仕上げのテスト 他人の画面のテスト 他人のユーザ詳細画面のテスト 表示の確認 URLが正しい
       [31mFailure/Error: user.profile_image.attach(io: File.open('spec/images/profile_image.jpeg'), filename: 'profile_image.jpeg', content_type: 'application/xlsx')[0m
       [31m[0m
       [31mNoMethodError:[0m
       [31m  undefined method `profile_image' for #<User id: nil, email: "stanley.sporer@nolan.test", name: "0rn4b8m9yj", introduction: "b0cgm9i5leyt07v8ydcx", created_at: nil, updated_at: nil>[0m
       [36m# ./spec/factories/users.rb:10:in `block (3 levels) in <main>'[0m
       [36m# ./spec/system/03_finishing_touches_spec.rb:4:in `block (2 levels) in <main>'[0m

  143) [STEP3] 仕上げのテスト 他人の画面のテスト 他人のユーザ詳細画面のテスト 表示の確認 投稿一覧のユーザ画像のリンク先が正しい
       [31mFailure/Error: user.profile_image.attach(io: File.open('spec/images/profile_image.jpeg'), filename: 'profile_image.jpeg', content_type: 'application/xlsx')[0m
       [31m[0m
       [31mNoMethodError:[0m
       [31m  undefined method `profile_image' for #<User id: nil, email: "mckinley@howe.test", name: "cyrg6d4mpa", introduction: "mhjepezokqvkw0rvumrk", created_at: nil, updated_at: nil>[0m
       [36m# ./spec/factories/users.rb:10:in `block (3 levels) in <main>'[0m
       [36m# ./spec/system/03_finishing_touches_spec.rb:4:in `block (2 levels) in <main>'[0m

  144) [STEP3] 仕上げのテスト 他人の画面のテスト 他人のユーザ詳細画面のテスト 表示の確認 投稿一覧に他人の投稿のtitleが表示され、リンクが正しい
       [31mFailure/Error: user.profile_image.attach(io: File.open('spec/images/profile_image.jpeg'), filename: 'profile_image.jpeg', content_type: 'application/xlsx')[0m
       [31m[0m
       [31mNoMethodError:[0m
       [31m  undefined method `profile_image' for #<User id: nil, email: "minh@reichert-lind.example", name: "utcpvl2sis", introduction: "0duitiwaltruptc1i8ef", created_at: nil, updated_at: nil>[0m
       [36m# ./spec/factories/users.rb:10:in `block (3 levels) in <main>'[0m
       [36m# ./spec/system/03_finishing_touches_spec.rb:4:in `block (2 levels) in <main>'[0m

  145) [STEP3] 仕上げのテスト 他人の画面のテスト 他人のユーザ詳細画面のテスト 表示の確認 投稿一覧に他人の投稿のopinionが表示される
       [31mFailure/Error: user.profile_image.attach(io: File.open('spec/images/profile_image.jpeg'), filename: 'profile_image.jpeg', content_type: 'application/xlsx')[0m
       [31m[0m
       [31mNoMethodError:[0m
       [31m  undefined method `profile_image' for #<User id: nil, email: "nicol.rolfson@okon.example", name: "t9hz90wvgq", introduction: "v585sc6ezesjzj1jlk84", created_at: nil, updated_at: nil>[0m
       [36m# ./spec/factories/users.rb:10:in `block (3 levels) in <main>'[0m
       [36m# ./spec/system/03_finishing_touches_spec.rb:4:in `block (2 levels) in <main>'[0m

  146) [STEP3] 仕上げのテスト 他人の画面のテスト 他人のユーザ詳細画面のテスト 表示の確認 自分の投稿は表示されない
       [31mFailure/Error: user.profile_image.attach(io: File.open('spec/images/profile_image.jpeg'), filename: 'profile_image.jpeg', content_type: 'application/xlsx')[0m
       [31m[0m
       [31mNoMethodError:[0m
       [31m  undefined method `profile_image' for #<User id: nil, email: "josephina_beier@zulauf.test", name: "kmqiillcvg", introduction: "f8udd210c1c8dgxrsblj", created_at: nil, updated_at: nil>[0m
       [36m# ./spec/factories/users.rb:10:in `block (3 levels) in <main>'[0m
       [36m# ./spec/system/03_finishing_touches_spec.rb:4:in `block (2 levels) in <main>'[0m

  147) [STEP3] 仕上げのテスト 他人の画面のテスト 他人のユーザ詳細画面のテスト サイドバーの確認 他人の名前と紹介文が表示される
       [31mFailure/Error: user.profile_image.attach(io: File.open('spec/images/profile_image.jpeg'), filename: 'profile_image.jpeg', content_type: 'application/xlsx')[0m
       [31m[0m
       [31mNoMethodError:[0m
       [31m  undefined method `profile_image' for #<User id: nil, email: "dirk.wintheiser@yundt.example", name: "fbf76i7h9p", introduction: "wgoz89p4m57sh8v0edxk", created_at: nil, updated_at: nil>[0m
       [36m# ./spec/factories/users.rb:10:in `block (3 levels) in <main>'[0m
       [36m# ./spec/system/03_finishing_touches_spec.rb:4:in `block (2 levels) in <main>'[0m

  148) [STEP3] 仕上げのテスト 他人の画面のテスト 他人のユーザ詳細画面のテスト サイドバーの確認 他人のユーザ編集画面へのリンクが存在する
       [31mFailure/Error: user.profile_image.attach(io: File.open('spec/images/profile_image.jpeg'), filename: 'profile_image.jpeg', content_type: 'application/xlsx')[0m
       [31m[0m
       [31mNoMethodError:[0m
       [31m  undefined method `profile_image' for #<User id: nil, email: "hiram@hayes.test", name: "n7nq3zeuop", introduction: "6c37v5zv7g1212m0btzh", created_at: nil, updated_at: nil>[0m
       [36m# ./spec/factories/users.rb:10:in `block (3 levels) in <main>'[0m
       [36m# ./spec/system/03_finishing_touches_spec.rb:4:in `block (2 levels) in <main>'[0m

  149) [STEP3] 仕上げのテスト 他人の画面のテスト 他人のユーザ詳細画面のテスト サイドバーの確認 自分の名前と紹介文は表示されない
       [31mFailure/Error: user.profile_image.attach(io: File.open('spec/images/profile_image.jpeg'), filename: 'profile_image.jpeg', content_type: 'application/xlsx')[0m
       [31m[0m
       [31mNoMethodError:[0m
       [31m  undefined method `profile_image' for #<User id: nil, email: "charlie_hagenes@schulist-bahringer.test", name: "k3q5en8vlu", introduction: "6s6yowmx9q7zmrb0bs16", created_at: nil, updated_at: nil>[0m
       [36m# ./spec/factories/users.rb:10:in `block (3 levels) in <main>'[0m
       [36m# ./spec/system/03_finishing_touches_spec.rb:4:in `block (2 levels) in <main>'[0m

  150) [STEP3] 仕上げのテスト 他人の画面のテスト 他人のユーザ詳細画面のテスト サイドバーの確認 自分のユーザ編集画面へのリンクは存在しない
       [31mFailure/Error: user.profile_image.attach(io: File.open('spec/images/profile_image.jpeg'), filename: 'profile_image.jpeg', content_type: 'application/xlsx')[0m
       [31m[0m
       [31mNoMethodError:[0m
       [31m  undefined method `profile_image' for #<User id: nil, email: "dennis_weimann@satterfield.example", name: "wrk2hnxqz2", introduction: "pkatnx4b8q2c3zxbh9xe", created_at: nil, updated_at: nil>[0m
       [36m# ./spec/factories/users.rb:10:in `block (3 levels) in <main>'[0m
       [36m# ./spec/system/03_finishing_touches_spec.rb:4:in `block (2 levels) in <main>'[0m

  151) [STEP3] 仕上げのテスト 他人の画面のテスト 他人のユーザ情報編集画面 遷移できず、自分のユーザ詳細画面にリダイレクトされる
       [31mFailure/Error: user.profile_image.attach(io: File.open('spec/images/profile_image.jpeg'), filename: 'profile_image.jpeg', content_type: 'application/xlsx')[0m
       [31m[0m
       [31mNoMethodError:[0m
       [31m  undefined method `profile_image' for #<User id: nil, email: "johnie.littel@abernathy-hirthe.test", name: "spubd1ujiy", introduction: "oqa7y6k0y45ffqwu8hws", created_at: nil, updated_at: nil>[0m
       [36m# ./spec/factories/users.rb:10:in `block (3 levels) in <main>'[0m
       [36m# ./spec/system/03_finishing_touches_spec.rb:4:in `block (2 levels) in <main>'[0m

  152) [STEP3] 仕上げのテスト グリッドシステムのテスト: container, row, col-md-〇を正しく使えている ユーザ一覧画面
       [31mFailure/Error: user.profile_image.attach(io: File.open('spec/images/profile_image.jpeg'), filename: 'profile_image.jpeg', content_type: 'application/xlsx')[0m
       [31m[0m
       [31mNoMethodError:[0m
       [31m  undefined method `profile_image' for #<User id: nil, email: "lonnie@lueilwitz-jast.test", name: "wdpk0iooq8", introduction: "gt7dcnyhgcw1su3ujtew", created_at: nil, updated_at: nil>[0m
       [36m# ./spec/factories/users.rb:10:in `block (3 levels) in <main>'[0m
       [36m# ./spec/system/03_finishing_touches_spec.rb:4:in `block (2 levels) in <main>'[0m

  153) [STEP3] 仕上げのテスト グリッドシステムのテスト: container, row, col-md-〇を正しく使えている ユーザ詳細画面
       [31mFailure/Error: user.profile_image.attach(io: File.open('spec/images/profile_image.jpeg'), filename: 'profile_image.jpeg', content_type: 'application/xlsx')[0m
       [31m[0m
       [31mNoMethodError:[0m
       [31m  undefined method `profile_image' for #<User id: nil, email: "eladia@hirthe.test", name: "6ei88363cu", introduction: "yshrjdqu2j07e1kx5iow", created_at: nil, updated_at: nil>[0m
       [36m# ./spec/factories/users.rb:10:in `block (3 levels) in <main>'[0m
       [36m# ./spec/system/03_finishing_touches_spec.rb:4:in `block (2 levels) in <main>'[0m

  154) [STEP3] 仕上げのテスト グリッドシステムのテスト: container, row, col-md-〇を正しく使えている 投稿一覧画面
       [31mFailure/Error: user.profile_image.attach(io: File.open('spec/images/profile_image.jpeg'), filename: 'profile_image.jpeg', content_type: 'application/xlsx')[0m
       [31m[0m
       [31mNoMethodError:[0m
       [31m  undefined method `profile_image' for #<User id: nil, email: "gwendolyn@mann.test", name: "7ou6y5bxqb", introduction: "suzu710yhgfy3i7begfr", created_at: nil, updated_at: nil>[0m
       [36m# ./spec/factories/users.rb:10:in `block (3 levels) in <main>'[0m
       [36m# ./spec/system/03_finishing_touches_spec.rb:4:in `block (2 levels) in <main>'[0m

  155) [STEP3] 仕上げのテスト グリッドシステムのテスト: container, row, col-md-〇を正しく使えている 投稿詳細画面
       [31mFailure/Error: user.profile_image.attach(io: File.open('spec/images/profile_image.jpeg'), filename: 'profile_image.jpeg', content_type: 'application/xlsx')[0m
       [31m[0m
       [31mNoMethodError:[0m
       [31m  undefined method `profile_image' for #<User id: nil, email: "penni_runolfsson@bins.test", name: "ssw5jahdll", introduction: "b8ekutcx4r8sbkaul3r5", created_at: nil, updated_at: nil>[0m
       [36m# ./spec/factories/users.rb:10:in `block (3 levels) in <main>'[0m
       [36m# ./spec/system/03_finishing_touches_spec.rb:4:in `block (2 levels) in <main>'[0m

  156) [STEP3] 仕上げのテスト アイコンのテスト トップ画面 本のアイコンが表示される
       [31mFailure/Error: user.profile_image.attach(io: File.open('spec/images/profile_image.jpeg'), filename: 'profile_image.jpeg', content_type: 'application/xlsx')[0m
       [31m[0m
       [31mNoMethodError:[0m
       [31m  undefined method `profile_image' for #<User id: nil, email: "mitchell_crist@leuschke-miller.example", name: "nzs7zdceob", introduction: "wdhuuc0ff7xxqk69lc4i", created_at: nil, updated_at: nil>[0m
       [36m# ./spec/factories/users.rb:10:in `block (3 levels) in <main>'[0m
       [36m# ./spec/system/03_finishing_touches_spec.rb:4:in `block (2 levels) in <main>'[0m

  157) [STEP3] 仕上げのテスト アイコンのテスト アバウト画面 本のアイコンが表示される
       [31mFailure/Error: user.profile_image.attach(io: File.open('spec/images/profile_image.jpeg'), filename: 'profile_image.jpeg', content_type: 'application/xlsx')[0m
       [31m[0m
       [31mNoMethodError:[0m
       [31m  undefined method `profile_image' for #<User id: nil, email: "ismael.hintz@botsford.test", name: "c8gjto7eaf", introduction: "wr7r1m13o36s6ll0f58x", created_at: nil, updated_at: nil>[0m
       [36m# ./spec/factories/users.rb:10:in `block (3 levels) in <main>'[0m
       [36m# ./spec/system/03_finishing_touches_spec.rb:4:in `block (2 levels) in <main>'[0m

  158) [STEP3] 仕上げのテスト アイコンのテスト ヘッダー: ログインしていない場合 Homeリンクのアイコンが表示される
       [31mFailure/Error: user.profile_image.attach(io: File.open('spec/images/profile_image.jpeg'), filename: 'profile_image.jpeg', content_type: 'application/xlsx')[0m
       [31m[0m
       [31mNoMethodError:[0m
       [31m  undefined method `profile_image' for #<User id: nil, email: "edmond@leuschke.test", name: "ricn4gc7xn", introduction: "rhsk31rmsij9xr3myvfy", created_at: nil, updated_at: nil>[0m
       [36m# ./spec/factories/users.rb:10:in `block (3 levels) in <main>'[0m
       [36m# ./spec/system/03_finishing_touches_spec.rb:4:in `block (2 levels) in <main>'[0m

  159) [STEP3] 仕上げのテスト アイコンのテスト ヘッダー: ログインしていない場合 Aboutリンクのアイコンが表示される
       [31mFailure/Error: user.profile_image.attach(io: File.open('spec/images/profile_image.jpeg'), filename: 'profile_image.jpeg', content_type: 'application/xlsx')[0m
       [31m[0m
       [31mNoMethodError:[0m
       [31m  undefined method `profile_image' for #<User id: nil, email: "evie_mann@wintheiser.example", name: "td17kxtpio", introduction: "ai1svnzxf0d6wxbzgzfv", created_at: nil, updated_at: nil>[0m
       [36m# ./spec/factories/users.rb:10:in `block (3 levels) in <main>'[0m
       [36m# ./spec/system/03_finishing_touches_spec.rb:4:in `block (2 levels) in <main>'[0m

  160) [STEP3] 仕上げのテスト アイコンのテスト ヘッダー: ログインしていない場合 Sign upリンクのアイコンが表示される
       [31mFailure/Error: user.profile_image.attach(io: File.open('spec/images/profile_image.jpeg'), filename: 'profile_image.jpeg', content_type: 'application/xlsx')[0m
       [31m[0m
       [31mNoMethodError:[0m
       [31m  undefined method `profile_image' for #<User id: nil, email: "piper_hahn@ruecker.example", name: "xy4hllvlzq", introduction: "g7p5jh1ati56pexzl3fw", created_at: nil, updated_at: nil>[0m
       [36m# ./spec/factories/users.rb:10:in `block (3 levels) in <main>'[0m
       [36m# ./spec/system/03_finishing_touches_spec.rb:4:in `block (2 levels) in <main>'[0m

  161) [STEP3] 仕上げのテスト アイコンのテスト ヘッダー: ログインしていない場合 Log inリンクのアイコンが表示される
       [31mFailure/Error: user.profile_image.attach(io: File.open('spec/images/profile_image.jpeg'), filename: 'profile_image.jpeg', content_type: 'application/xlsx')[0m
       [31m[0m
       [31mNoMethodError:[0m
       [31m  undefined method `profile_image' for #<User id: nil, email: "raymon.ruecker@doyle.test", name: "57wa41guzw", introduction: "2drj3jpjc2zqwxpzenip", created_at: nil, updated_at: nil>[0m
       [36m# ./spec/factories/users.rb:10:in `block (3 levels) in <main>'[0m
       [36m# ./spec/system/03_finishing_touches_spec.rb:4:in `block (2 levels) in <main>'[0m

  162) [STEP3] 仕上げのテスト アイコンのテスト ヘッダー: ログインしている場合 Homeリンクのアイコンが表示される
       [31mFailure/Error: user.profile_image.attach(io: File.open('spec/images/profile_image.jpeg'), filename: 'profile_image.jpeg', content_type: 'application/xlsx')[0m
       [31m[0m
       [31mNoMethodError:[0m
       [31m  undefined method `profile_image' for #<User id: nil, email: "gayle@ledner.example", name: "hu71s10aae", introduction: "e5i769lroj19211j7lgf", created_at: nil, updated_at: nil>[0m
       [36m# ./spec/factories/users.rb:10:in `block (3 levels) in <main>'[0m
       [36m# ./spec/system/03_finishing_touches_spec.rb:4:in `block (2 levels) in <main>'[0m

  163) [STEP3] 仕上げのテスト アイコンのテスト ヘッダー: ログインしている場合 Usersリンクのアイコンが表示される
       [31mFailure/Error: user.profile_image.attach(io: File.open('spec/images/profile_image.jpeg'), filename: 'profile_image.jpeg', content_type: 'application/xlsx')[0m
       [31m[0m
       [31mNoMethodError:[0m
       [31m  undefined method `profile_image' for #<User id: nil, email: "kris@toy.test", name: "z3zis567c2", introduction: "w32oirz5k1giwuij4o4o", created_at: nil, updated_at: nil>[0m
       [36m# ./spec/factories/users.rb:10:in `block (3 levels) in <main>'[0m
       [36m# ./spec/system/03_finishing_touches_spec.rb:4:in `block (2 levels) in <main>'[0m

  164) [STEP3] 仕上げのテスト アイコンのテスト ヘッダー: ログインしている場合 Booksリンクのアイコンが表示される
       [31mFailure/Error: user.profile_image.attach(io: File.open('spec/images/profile_image.jpeg'), filename: 'profile_image.jpeg', content_type: 'application/xlsx')[0m
       [31m[0m
       [31mNoMethodError:[0m
       [31m  undefined method `profile_image' for #<User id: nil, email: "saundra@batz.example", name: "lxf8ozvj92", introduction: "9qgzk54l8xeseqkwva5w", created_at: nil, updated_at: nil>[0m
       [36m# ./spec/factories/users.rb:10:in `block (3 levels) in <main>'[0m
       [36m# ./spec/system/03_finishing_touches_spec.rb:4:in `block (2 levels) in <main>'[0m

  165) [STEP3] 仕上げのテスト アイコンのテスト ヘッダー: ログインしている場合 Log outリンクのアイコンが表示される
       [31mFailure/Error: user.profile_image.attach(io: File.open('spec/images/profile_image.jpeg'), filename: 'profile_image.jpeg', content_type: 'application/xlsx')[0m
       [31m[0m
       [31mNoMethodError:[0m
       [31m  undefined method `profile_image' for #<User id: nil, email: "bart@gislason.example", name: "oxmepydhmb", introduction: "9chjgvqnuuj8jhxljkos", created_at: nil, updated_at: nil>[0m
       [36m# ./spec/factories/users.rb:10:in `block (3 levels) in <main>'[0m
       [36m# ./spec/system/03_finishing_touches_spec.rb:4:in `block (2 levels) in <main>'[0m

  166) [STEP3] 仕上げのテスト アイコンのテスト サイドバー ユーザ一覧画面でレンチアイコンが表示される
       [31mFailure/Error: user.profile_image.attach(io: File.open('spec/images/profile_image.jpeg'), filename: 'profile_image.jpeg', content_type: 'application/xlsx')[0m
       [31m[0m
       [31mNoMethodError:[0m
       [31m  undefined method `profile_image' for #<User id: nil, email: "keven@huel.example", name: "trk1k9nlis", introduction: "83p8gytpfko38y27hnjm", created_at: nil, updated_at: nil>[0m
       [36m# ./spec/factories/users.rb:10:in `block (3 levels) in <main>'[0m
       [36m# ./spec/system/03_finishing_touches_spec.rb:4:in `block (2 levels) in <main>'[0m

  167) [STEP3] 仕上げのテスト アイコンのテスト サイドバー ユーザ詳細画面でレンチアイコンが表示される
       [31mFailure/Error: user.profile_image.attach(io: File.open('spec/images/profile_image.jpeg'), filename: 'profile_image.jpeg', content_type: 'application/xlsx')[0m
       [31m[0m
       [31mNoMethodError:[0m
       [31m  undefined method `profile_image' for #<User id: nil, email: "becky_lebsack@mckenzie.example", name: "evex93hzkn", introduction: "8p6yz6gowrhe4dgqwc6i", created_at: nil, updated_at: nil>[0m
       [36m# ./spec/factories/users.rb:10:in `block (3 levels) in <main>'[0m
       [36m# ./spec/system/03_finishing_touches_spec.rb:4:in `block (2 levels) in <main>'[0m

  168) [STEP3] 仕上げのテスト アイコンのテスト サイドバー 投稿一覧画面でレンチアイコンが表示される
       [31mFailure/Error: user.profile_image.attach(io: File.open('spec/images/profile_image.jpeg'), filename: 'profile_image.jpeg', content_type: 'application/xlsx')[0m
       [31m[0m
       [31mNoMethodError:[0m
       [31m  undefined method `profile_image' for #<User id: nil, email: "barbra_marvin@daniel-feil.test", name: "p8e0e1n3hw", introduction: "vtch9i61uycl2x4bh1pz", created_at: nil, updated_at: nil>[0m
       [36m# ./spec/factories/users.rb:10:in `block (3 levels) in <main>'[0m
       [36m# ./spec/system/03_finishing_touches_spec.rb:4:in `block (2 levels) in <main>'[0m

  169) [STEP3] 仕上げのテスト アイコンのテスト サイドバー 投稿詳細画面でレンチアイコンが表示される
       [31mFailure/Error: user.profile_image.attach(io: File.open('spec/images/profile_image.jpeg'), filename: 'profile_image.jpeg', content_type: 'application/xlsx')[0m
       [31m[0m
       [31mNoMethodError:[0m
       [31m  undefined method `profile_image' for #<User id: nil, email: "arlie.rodriguez@von-yost.example", name: "r539uodapk", introduction: "ah3t1g0wz1wlqzmaclf0", created_at: nil, updated_at: nil>[0m
       [36m# ./spec/factories/users.rb:10:in `block (3 levels) in <main>'[0m
       [36m# ./spec/system/03_finishing_touches_spec.rb:4:in `block (2 levels) in <main>'[0m

Finished in 1.82 seconds (files took 1.17 seconds to load)
[31m201 examples, 169 failures[0m

Failed examples:

[31mrspec ./spec/controllers/users_controller_spec.rb:14[0m [36m# UsersController GET #edit ログインユーザーの場合 レスポンスが成功すること[0m
[31mrspec ./spec/controllers/users_controller_spec.rb:18[0m [36m# UsersController GET #edit ログインユーザーの場合 @userが正しく設定されていること[0m
[31mrspec ./spec/models/book_spec.rb:11[0m [36m# Bookモデルのテスト バリデーションのテスト titleカラム 空欄でないこと[0m
[31mrspec ./spec/models/book_spec.rb:18[0m [36m# Bookモデルのテスト バリデーションのテスト bodyカラム 空欄でないこと[0m
[31mrspec ./spec/models/book_spec.rb:22[0m [36m# Bookモデルのテスト バリデーションのテスト bodyカラム 200文字以下であること: 200文字は〇[0m
[31mrspec ./spec/models/book_spec.rb:26[0m [36m# Bookモデルのテスト バリデーションのテスト bodyカラム 200文字以下であること: 201文字は×[0m
[31mrspec ./spec/models/user_spec.rb:11[0m [36m# Userモデルのテスト バリデーションのテスト nameカラム 空欄でないこと[0m
[31mrspec ./spec/models/user_spec.rb:15[0m [36m# Userモデルのテスト バリデーションのテスト nameカラム 2文字以上であること: 1文字は×[0m
[31mrspec ./spec/models/user_spec.rb:19[0m [36m# Userモデルのテスト バリデーションのテスト nameカラム 2文字以上であること: 2文字は〇[0m
[31mrspec ./spec/models/user_spec.rb:23[0m [36m# Userモデルのテスト バリデーションのテスト nameカラム 20文字以下であること: 20文字は〇[0m
[31mrspec ./spec/models/user_spec.rb:27[0m [36m# Userモデルのテスト バリデーションのテスト nameカラム 20文字以下であること: 21文字は×[0m
[31mrspec ./spec/models/user_spec.rb:31[0m [36m# Userモデルのテスト バリデーションのテスト nameカラム 一意性があること[0m
[31mrspec ./spec/models/user_spec.rb:38[0m [36m# Userモデルのテスト バリデーションのテスト introductionカラム 50文字以下であること: 50文字は〇[0m
[31mrspec ./spec/models/user_spec.rb:42[0m [36m# Userモデルのテスト バリデーションのテスト introductionカラム 50文字以下であること: 51文字は×[0m
[31mrspec ./spec/system/01_before_login_spec.rb:38[0m [36m# [STEP1] ユーザログイン前のテスト アバウト画面のテスト 表示内容の確認 URLが正しい[0m
[31mrspec ./spec/system/01_before_login_spec.rb:89[0m [36m# [STEP1] ユーザログイン前のテスト ヘッダーのテスト: ログインしていない場合 リンクの内容を確認 Aboutを押すと、アバウト画面に遷移する[0m
[31mrspec ./spec/system/01_before_login_spec.rb:192[0m [36m# [STEP1] ユーザログイン前のテスト ユーザログイン ログイン成功のテスト ログイン後のリダイレクト先が、ログインしたユーザの詳細画面になっている[0m
[31mrspec ./spec/system/01_before_login_spec.rb:221[0m [36m# [STEP1] ユーザログイン前のテスト ヘッダーのテスト: ログインしている場合 ヘッダーの表示を確認 Bookersリンクが表示される: 左上から1番目のリンクが「Bookers」である[0m
[31mrspec ./spec/system/01_before_login_spec.rb:225[0m [36m# [STEP1] ユーザログイン前のテスト ヘッダーのテスト: ログインしている場合 ヘッダーの表示を確認 Homeリンクが表示される: 左上から2番目のリンクが「Home」である[0m
[31mrspec ./spec/system/01_before_login_spec.rb:229[0m [36m# [STEP1] ユーザログイン前のテスト ヘッダーのテスト: ログインしている場合 ヘッダーの表示を確認 Usersリンクが表示される: 左上から3番目のリンクが「Users」である[0m
[31mrspec ./spec/system/01_before_login_spec.rb:233[0m [36m# [STEP1] ユーザログイン前のテスト ヘッダーのテスト: ログインしている場合 ヘッダーの表示を確認 Booksリンクが表示される: 左上から4番目のリンクが「Books」である[0m
[31mrspec ./spec/system/01_before_login_spec.rb:237[0m [36m# [STEP1] ユーザログイン前のテスト ヘッダーのテスト: ログインしている場合 ヘッダーの表示を確認 Log outリンクが表示される: 左上から5番目のリンクが「Log out」である[0m
[31mrspec ./spec/system/01_before_login_spec.rb:258[0m [36m# [STEP1] ユーザログイン前のテスト ユーザログアウトのテスト ログアウト機能のテスト 正しくログアウトできている: ログアウト後のリダイレクト先においてAbout画面へのリンクが存在する[0m
[31mrspec ./spec/system/01_before_login_spec.rb:261[0m [36m# [STEP1] ユーザログイン前のテスト ユーザログアウトのテスト ログアウト機能のテスト ログアウト後のリダイレクト先が、トップになっている[0m
[31mrspec ./spec/system/02_after_login_spec.rb:20[0m [36m# [STEP2] ユーザログイン後のテスト ヘッダーのテスト: ログインしている場合 リンクの内容を確認: ※logoutは『ユーザログアウトのテスト』でテスト済みになります。 Homeを押すと、自分のユーザ詳細画面に遷移する[0m
[31mrspec ./spec/system/02_after_login_spec.rb:26[0m [36m# [STEP2] ユーザログイン後のテスト ヘッダーのテスト: ログインしている場合 リンクの内容を確認: ※logoutは『ユーザログアウトのテスト』でテスト済みになります。 Usersを押すと、ユーザ一覧画面に遷移する[0m
[31mrspec ./spec/system/02_after_login_spec.rb:32[0m [36m# [STEP2] ユーザログイン後のテスト ヘッダーのテスト: ログインしている場合 リンクの内容を確認: ※logoutは『ユーザログアウトのテスト』でテスト済みになります。 Booksを押すと、投稿一覧画面に遷移する[0m
[31mrspec ./spec/system/02_after_login_spec.rb:47[0m [36m# [STEP2] ユーザログイン後のテスト 投稿一覧画面のテスト 表示内容の確認 URLが正しい[0m
[31mrspec ./spec/system/02_after_login_spec.rb:50[0m [36m# [STEP2] ユーザログイン後のテスト 投稿一覧画面のテスト 表示内容の確認 自分と他人の画像のリンク先が正しい[0m
[31mrspec ./spec/system/02_after_login_spec.rb:54[0m [36m# [STEP2] ユーザログイン後のテスト 投稿一覧画面のテスト 表示内容の確認 自分の投稿と他人の投稿のタイトルのリンク先がそれぞれ正しい[0m
[31mrspec ./spec/system/02_after_login_spec.rb:58[0m [36m# [STEP2] ユーザログイン後のテスト 投稿一覧画面のテスト 表示内容の確認 自分の投稿と他人の投稿のオピニオンが表示される[0m
[31mrspec ./spec/system/02_after_login_spec.rb:65[0m [36m# [STEP2] ユーザログイン後のテスト 投稿一覧画面のテスト サイドバーの確認 自分の名前と紹介文が表示される[0m
[31mrspec ./spec/system/02_after_login_spec.rb:69[0m [36m# [STEP2] ユーザログイン後のテスト 投稿一覧画面のテスト サイドバーの確認 自分のユーザ編集画面へのリンクが存在する[0m
[31mrspec ./spec/system/02_after_login_spec.rb:72[0m [36m# [STEP2] ユーザログイン後のテスト 投稿一覧画面のテスト サイドバーの確認 「New book」と表示される[0m
[31mrspec ./spec/system/02_after_login_spec.rb:75[0m [36m# [STEP2] ユーザログイン後のテスト 投稿一覧画面のテスト サイドバーの確認 titleフォームが表示される[0m
[31mrspec ./spec/system/02_after_login_spec.rb:78[0m [36m# [STEP2] ユーザログイン後のテスト 投稿一覧画面のテスト サイドバーの確認 titleフォームに値が入っていない[0m
[31mrspec ./spec/system/02_after_login_spec.rb:81[0m [36m# [STEP2] ユーザログイン後のテスト 投稿一覧画面のテスト サイドバーの確認 bodyフォームが表示される[0m
[31mrspec ./spec/system/02_after_login_spec.rb:84[0m [36m# [STEP2] ユーザログイン後のテスト 投稿一覧画面のテスト サイドバーの確認 bodyフォームに値が入っていない[0m
[31mrspec ./spec/system/02_after_login_spec.rb:87[0m [36m# [STEP2] ユーザログイン後のテスト 投稿一覧画面のテスト サイドバーの確認 Create Bookボタンが表示される[0m
[31mrspec ./spec/system/02_after_login_spec.rb:98[0m [36m# [STEP2] ユーザログイン後のテスト 投稿一覧画面のテスト 投稿成功のテスト 自分の新しい投稿が正しく保存される[0m
[31mrspec ./spec/system/02_after_login_spec.rb:101[0m [36m# [STEP2] ユーザログイン後のテスト 投稿一覧画面のテスト 投稿成功のテスト リダイレクト先が、保存できた投稿の詳細画面になっている[0m
[31mrspec ./spec/system/02_after_login_spec.rb:114[0m [36m# [STEP2] ユーザログイン後のテスト 自分の投稿詳細画面のテスト 表示内容の確認 URLが正しい[0m
[31mrspec ./spec/system/02_after_login_spec.rb:117[0m [36m# [STEP2] ユーザログイン後のテスト 自分の投稿詳細画面のテスト 表示内容の確認 「Book detail」と表示される[0m
[31mrspec ./spec/system/02_after_login_spec.rb:120[0m [36m# [STEP2] ユーザログイン後のテスト 自分の投稿詳細画面のテスト 表示内容の確認 ユーザ画像・名前のリンク先が正しい[0m
[31mrspec ./spec/system/02_after_login_spec.rb:123[0m [36m# [STEP2] ユーザログイン後のテスト 自分の投稿詳細画面のテスト 表示内容の確認 投稿のtitleが表示される[0m
[31mrspec ./spec/system/02_after_login_spec.rb:126[0m [36m# [STEP2] ユーザログイン後のテスト 自分の投稿詳細画面のテスト 表示内容の確認 投稿のbodyが表示される[0m
[31mrspec ./spec/system/02_after_login_spec.rb:129[0m [36m# [STEP2] ユーザログイン後のテスト 自分の投稿詳細画面のテスト 表示内容の確認 投稿の編集リンクが表示される[0m
[31mrspec ./spec/system/02_after_login_spec.rb:132[0m [36m# [STEP2] ユーザログイン後のテスト 自分の投稿詳細画面のテスト 表示内容の確認 投稿の削除リンクが表示される[0m
[31mrspec ./spec/system/02_after_login_spec.rb:138[0m [36m# [STEP2] ユーザログイン後のテスト 自分の投稿詳細画面のテスト サイドバーの確認 自分の名前と紹介文が表示される[0m
[31mrspec ./spec/system/02_after_login_spec.rb:142[0m [36m# [STEP2] ユーザログイン後のテスト 自分の投稿詳細画面のテスト サイドバーの確認 自分のユーザ編集画面へのリンクが存在する[0m
[31mrspec ./spec/system/02_after_login_spec.rb:145[0m [36m# [STEP2] ユーザログイン後のテスト 自分の投稿詳細画面のテスト サイドバーの確認 「New book」と表示される[0m
[31mrspec ./spec/system/02_after_login_spec.rb:148[0m [36m# [STEP2] ユーザログイン後のテスト 自分の投稿詳細画面のテスト サイドバーの確認 titleフォームが表示される[0m
[31mrspec ./spec/system/02_after_login_spec.rb:151[0m [36m# [STEP2] ユーザログイン後のテスト 自分の投稿詳細画面のテスト サイドバーの確認 titleフォームに値が入っていない[0m
[31mrspec ./spec/system/02_after_login_spec.rb:154[0m [36m# [STEP2] ユーザログイン後のテスト 自分の投稿詳細画面のテスト サイドバーの確認 bodyフォームが表示される[0m
[31mrspec ./spec/system/02_after_login_spec.rb:157[0m [36m# [STEP2] ユーザログイン後のテスト 自分の投稿詳細画面のテスト サイドバーの確認 bodyフォームに値が入っていない[0m
[31mrspec ./spec/system/02_after_login_spec.rb:160[0m [36m# [STEP2] ユーザログイン後のテスト 自分の投稿詳細画面のテスト サイドバーの確認 Create Bookボタンが表示される[0m
[31mrspec ./spec/system/02_after_login_spec.rb:171[0m [36m# [STEP2] ユーザログイン後のテスト 自分の投稿詳細画面のテスト 投稿成功のテスト 自分の新しい投稿が正しく保存される[0m
[31mrspec ./spec/system/02_after_login_spec.rb:180[0m [36m# [STEP2] ユーザログイン後のテスト 自分の投稿詳細画面のテスト 編集リンクのテスト 編集画面に遷移する[0m
[31mrspec ./spec/system/02_after_login_spec.rb:189[0m [36m# [STEP2] ユーザログイン後のテスト 自分の投稿詳細画面のテスト 削除リンクのテスト application.html.erbにjavascript_pack_tagを含んでいる[0m
[31mrspec ./spec/system/02_after_login_spec.rb:203[0m [36m# [STEP2] ユーザログイン後のテスト 自分の投稿詳細画面のテスト 削除リンクのテスト 正しく削除される[0m
[31mrspec ./spec/system/02_after_login_spec.rb:206[0m [36m# [STEP2] ユーザログイン後のテスト 自分の投稿詳細画面のテスト 削除リンクのテスト リダイレクト先が、投稿一覧画面になっている[0m
[31mrspec ./spec/system/02_after_login_spec.rb:218[0m [36m# [STEP2] ユーザログイン後のテスト 自分の投稿編集画面のテスト 表示の確認 URLが正しい[0m
[31mrspec ./spec/system/02_after_login_spec.rb:221[0m [36m# [STEP2] ユーザログイン後のテスト 自分の投稿編集画面のテスト 表示の確認 「Editing Book」と表示される[0m
[31mrspec ./spec/system/02_after_login_spec.rb:224[0m [36m# [STEP2] ユーザログイン後のテスト 自分の投稿編集画面のテスト 表示の確認 title編集フォームが表示される[0m
[31mrspec ./spec/system/02_after_login_spec.rb:227[0m [36m# [STEP2] ユーザログイン後のテスト 自分の投稿編集画面のテスト 表示の確認 body編集フォームが表示される[0m
[31mrspec ./spec/system/02_after_login_spec.rb:230[0m [36m# [STEP2] ユーザログイン後のテスト 自分の投稿編集画面のテスト 表示の確認 Update Bookボタンが表示される[0m
[31mrspec ./spec/system/02_after_login_spec.rb:233[0m [36m# [STEP2] ユーザログイン後のテスト 自分の投稿編集画面のテスト 表示の確認 Showリンクが表示される[0m
[31mrspec ./spec/system/02_after_login_spec.rb:236[0m [36m# [STEP2] ユーザログイン後のテスト 自分の投稿編集画面のテスト 表示の確認 Backリンクが表示される[0m
[31mrspec ./spec/system/02_after_login_spec.rb:250[0m [36m# [STEP2] ユーザログイン後のテスト 自分の投稿編集画面のテスト 編集成功のテスト titleが正しく更新される[0m
[31mrspec ./spec/system/02_after_login_spec.rb:253[0m [36m# [STEP2] ユーザログイン後のテスト 自分の投稿編集画面のテスト 編集成功のテスト bodyが正しく更新される[0m
[31mrspec ./spec/system/02_after_login_spec.rb:256[0m [36m# [STEP2] ユーザログイン後のテスト 自分の投稿編集画面のテスト 編集成功のテスト リダイレクト先が、更新した投稿の詳細画面になっている[0m
[31mrspec ./spec/system/02_after_login_spec.rb:269[0m [36m# [STEP2] ユーザログイン後のテスト ユーザ一覧画面のテスト 表示内容の確認 URLが正しい[0m
[31mrspec ./spec/system/02_after_login_spec.rb:272[0m [36m# [STEP2] ユーザログイン後のテスト ユーザ一覧画面のテスト 表示内容の確認 自分と他人の画像が表示される: fallbackの画像がサイドバーの1つ＋一覧(2人)の2つの計3つ存在する[0m
[31mrspec ./spec/system/02_after_login_spec.rb:275[0m [36m# [STEP2] ユーザログイン後のテスト ユーザ一覧画面のテスト 表示内容の確認 自分と他人の名前がそれぞれ表示される[0m
[31mrspec ./spec/system/02_after_login_spec.rb:279[0m [36m# [STEP2] ユーザログイン後のテスト ユーザ一覧画面のテスト 表示内容の確認 自分と他人のshowリンクがそれぞれ表示される[0m
[31mrspec ./spec/system/02_after_login_spec.rb:286[0m [36m# [STEP2] ユーザログイン後のテスト ユーザ一覧画面のテスト サイドバーの確認 自分の名前と紹介文が表示される[0m
[31mrspec ./spec/system/02_after_login_spec.rb:290[0m [36m# [STEP2] ユーザログイン後のテスト ユーザ一覧画面のテスト サイドバーの確認 自分のユーザ編集画面へのリンクが存在する[0m
[31mrspec ./spec/system/02_after_login_spec.rb:293[0m [36m# [STEP2] ユーザログイン後のテスト ユーザ一覧画面のテスト サイドバーの確認 「New book」と表示される[0m
[31mrspec ./spec/system/02_after_login_spec.rb:296[0m [36m# [STEP2] ユーザログイン後のテスト ユーザ一覧画面のテスト サイドバーの確認 titleフォームが表示される[0m
[31mrspec ./spec/system/02_after_login_spec.rb:299[0m [36m# [STEP2] ユーザログイン後のテスト ユーザ一覧画面のテスト サイドバーの確認 titleフォームに値が入っていない[0m
[31mrspec ./spec/system/02_after_login_spec.rb:302[0m [36m# [STEP2] ユーザログイン後のテスト ユーザ一覧画面のテスト サイドバーの確認 bodyフォームが表示される[0m
[31mrspec ./spec/system/02_after_login_spec.rb:305[0m [36m# [STEP2] ユーザログイン後のテスト ユーザ一覧画面のテスト サイドバーの確認 bodyフォームに値が入っていない[0m
[31mrspec ./spec/system/02_after_login_spec.rb:308[0m [36m# [STEP2] ユーザログイン後のテスト ユーザ一覧画面のテスト サイドバーの確認 Create Bookボタンが表示される[0m
[31mrspec ./spec/system/02_after_login_spec.rb:320[0m [36m# [STEP2] ユーザログイン後のテスト 自分のユーザ詳細画面のテスト 表示の確認 URLが正しい[0m
[31mrspec ./spec/system/02_after_login_spec.rb:323[0m [36m# [STEP2] ユーザログイン後のテスト 自分のユーザ詳細画面のテスト 表示の確認 投稿一覧のユーザ画像のリンク先が正しい[0m
[31mrspec ./spec/system/02_after_login_spec.rb:326[0m [36m# [STEP2] ユーザログイン後のテスト 自分のユーザ詳細画面のテスト 表示の確認 投稿一覧に自分の投稿のtitleが表示され、リンクが正しい[0m
[31mrspec ./spec/system/02_after_login_spec.rb:329[0m [36m# [STEP2] ユーザログイン後のテスト 自分のユーザ詳細画面のテスト 表示の確認 投稿一覧に自分の投稿のbodyが表示される[0m
[31mrspec ./spec/system/02_after_login_spec.rb:332[0m [36m# [STEP2] ユーザログイン後のテスト 自分のユーザ詳細画面のテスト 表示の確認 他人の投稿は表示されない[0m
[31mrspec ./spec/system/02_after_login_spec.rb:340[0m [36m# [STEP2] ユーザログイン後のテスト 自分のユーザ詳細画面のテスト サイドバーの確認 自分の名前と紹介文が表示される[0m
[31mrspec ./spec/system/02_after_login_spec.rb:344[0m [36m# [STEP2] ユーザログイン後のテスト 自分のユーザ詳細画面のテスト サイドバーの確認 自分のユーザ編集画面へのリンクが存在する[0m
[31mrspec ./spec/system/02_after_login_spec.rb:347[0m [36m# [STEP2] ユーザログイン後のテスト 自分のユーザ詳細画面のテスト サイドバーの確認 「New book」と表示される[0m
[31mrspec ./spec/system/02_after_login_spec.rb:350[0m [36m# [STEP2] ユーザログイン後のテスト 自分のユーザ詳細画面のテスト サイドバーの確認 titleフォームが表示される[0m
[31mrspec ./spec/system/02_after_login_spec.rb:353[0m [36m# [STEP2] ユーザログイン後のテスト 自分のユーザ詳細画面のテスト サイドバーの確認 titleフォームに値が入っていない[0m
[31mrspec ./spec/system/02_after_login_spec.rb:356[0m [36m# [STEP2] ユーザログイン後のテスト 自分のユーザ詳細画面のテスト サイドバーの確認 bodyフォームが表示される[0m
[31mrspec ./spec/system/02_after_login_spec.rb:359[0m [36m# [STEP2] ユーザログイン後のテスト 自分のユーザ詳細画面のテスト サイドバーの確認 bodyフォームに値が入っていない[0m
[31mrspec ./spec/system/02_after_login_spec.rb:362[0m [36m# [STEP2] ユーザログイン後のテスト 自分のユーザ詳細画面のテスト サイドバーの確認 Create Bookボタンが表示される[0m
[31mrspec ./spec/system/02_after_login_spec.rb:374[0m [36m# [STEP2] ユーザログイン後のテスト 自分のユーザ情報編集画面のテスト 表示の確認 URLが正しい[0m
[31mrspec ./spec/system/02_after_login_spec.rb:377[0m [36m# [STEP2] ユーザログイン後のテスト 自分のユーザ情報編集画面のテスト 表示の確認 名前編集フォームに自分の名前が表示される[0m
[31mrspec ./spec/system/02_after_login_spec.rb:380[0m [36m# [STEP2] ユーザログイン後のテスト 自分のユーザ情報編集画面のテスト 表示の確認 画像編集フォームが表示される[0m
[31mrspec ./spec/system/02_after_login_spec.rb:383[0m [36m# [STEP2] ユーザログイン後のテスト 自分のユーザ情報編集画面のテスト 表示の確認 自己紹介編集フォームに自分の自己紹介文が表示される[0m
[31mrspec ./spec/system/02_after_login_spec.rb:386[0m [36m# [STEP2] ユーザログイン後のテスト 自分のユーザ情報編集画面のテスト 表示の確認 Update Userボタンが表示される[0m
[31mrspec ./spec/system/02_after_login_spec.rb:402[0m [36m# [STEP2] ユーザログイン後のテスト 自分のユーザ情報編集画面のテスト 更新成功のテスト nameが正しく更新される[0m
[31mrspec ./spec/system/02_after_login_spec.rb:405[0m [36m# [STEP2] ユーザログイン後のテスト 自分のユーザ情報編集画面のテスト 更新成功のテスト introductionが正しく更新される[0m
[31mrspec ./spec/system/02_after_login_spec.rb:408[0m [36m# [STEP2] ユーザログイン後のテスト 自分のユーザ情報編集画面のテスト 更新成功のテスト リダイレクト先が、自分のユーザ詳細画面になっている[0m
[31mrspec ./spec/system/03_finishing_touches_spec.rb:12[0m [36m# [STEP3] 仕上げのテスト サクセスメッセージのテスト ユーザ新規登録成功時[0m
[31mrspec ./spec/system/03_finishing_touches_spec.rb:21[0m [36m# [STEP3] 仕上げのテスト サクセスメッセージのテスト ユーザログイン成功時[0m
[31mrspec ./spec/system/03_finishing_touches_spec.rb:28[0m [36m# [STEP3] 仕上げのテスト サクセスメッセージのテスト ユーザログアウト成功時[0m
[31mrspec ./spec/system/03_finishing_touches_spec.rb:38[0m [36m# [STEP3] 仕上げのテスト サクセスメッセージのテスト ユーザのプロフィール情報更新成功時[0m
[31mrspec ./spec/system/03_finishing_touches_spec.rb:47[0m [36m# [STEP3] 仕上げのテスト サクセスメッセージのテスト 投稿データの新規投稿成功時: 投稿一覧画面から行います。[0m
[31mrspec ./spec/system/03_finishing_touches_spec.rb:58[0m [36m# [STEP3] 仕上げのテスト サクセスメッセージのテスト 投稿データの更新成功時[0m
[31mrspec ./spec/system/03_finishing_touches_spec.rb:81[0m [36m# [STEP3] 仕上げのテスト 処理失敗時のテスト ユーザ新規登録失敗: nameを1文字にする 新規登録されない[0m
[31mrspec ./spec/system/03_finishing_touches_spec.rb:84[0m [36m# [STEP3] 仕上げのテスト 処理失敗時のテスト ユーザ新規登録失敗: nameを1文字にする 新規登録画面を表示しており、フォームの内容が正しい[0m
[31mrspec ./spec/system/03_finishing_touches_spec.rb:90[0m [36m# [STEP3] 仕上げのテスト 処理失敗時のテスト ユーザ新規登録失敗: nameを1文字にする バリデーションエラーが表示される[0m
[31mrspec ./spec/system/03_finishing_touches_spec.rb:109[0m [36m# [STEP3] 仕上げのテスト 処理失敗時のテスト ユーザのプロフィール情報編集失敗: nameを1文字にする 更新されない[0m
[31mrspec ./spec/system/03_finishing_touches_spec.rb:112[0m [36m# [STEP3] 仕上げのテスト 処理失敗時のテスト ユーザのプロフィール情報編集失敗: nameを1文字にする ユーザ編集画面を表示しており、フォームの内容が正しい[0m
[31mrspec ./spec/system/03_finishing_touches_spec.rb:115[0m [36m# [STEP3] 仕上げのテスト 処理失敗時のテスト ユーザのプロフィール情報編集失敗: nameを1文字にする バリデーションエラーが表示される[0m
[31mrspec ./spec/system/03_finishing_touches_spec.rb:131[0m [36m# [STEP3] 仕上げのテスト 処理失敗時のテスト 投稿データの新規投稿失敗: 投稿一覧画面から行い、titleを空にする 投稿が保存されない[0m
[31mrspec ./spec/system/03_finishing_touches_spec.rb:134[0m [36m# [STEP3] 仕上げのテスト 処理失敗時のテスト 投稿データの新規投稿失敗: 投稿一覧画面から行い、titleを空にする 投稿一覧画面を表示している[0m
[31mrspec ./spec/system/03_finishing_touches_spec.rb:140[0m [36m# [STEP3] 仕上げのテスト 処理失敗時のテスト 投稿データの新規投稿失敗: 投稿一覧画面から行い、titleを空にする 新規投稿フォームの内容が正しい[0m
[31mrspec ./spec/system/03_finishing_touches_spec.rb:144[0m [36m# [STEP3] 仕上げのテスト 処理失敗時のテスト 投稿データの新規投稿失敗: 投稿一覧画面から行い、titleを空にする バリデーションエラーが表示される[0m
[31mrspec ./spec/system/03_finishing_touches_spec.rb:162[0m [36m# [STEP3] 仕上げのテスト 処理失敗時のテスト 投稿データの更新失敗: titleを空にする 投稿が更新されない[0m
[31mrspec ./spec/system/03_finishing_touches_spec.rb:165[0m [36m# [STEP3] 仕上げのテスト 処理失敗時のテスト 投稿データの更新失敗: titleを空にする 投稿編集画面を表示しており、フォームの内容が正しい[0m
[31mrspec ./spec/system/03_finishing_touches_spec.rb:170[0m [36m# [STEP3] 仕上げのテスト 処理失敗時のテスト 投稿データの更新失敗: titleを空にする エラーメッセージが表示される[0m
[31mrspec ./spec/system/03_finishing_touches_spec.rb:179[0m [36m# [STEP3] 仕上げのテスト ログインしていない場合のアクセス制限のテスト: アクセスできず、ログイン画面に遷移する ユーザ一覧画面[0m
[31mrspec ./spec/system/03_finishing_touches_spec.rb:183[0m [36m# [STEP3] 仕上げのテスト ログインしていない場合のアクセス制限のテスト: アクセスできず、ログイン画面に遷移する ユーザ詳細画面[0m
[31mrspec ./spec/system/03_finishing_touches_spec.rb:187[0m [36m# [STEP3] 仕上げのテスト ログインしていない場合のアクセス制限のテスト: アクセスできず、ログイン画面に遷移する ユーザ情報編集画面[0m
[31mrspec ./spec/system/03_finishing_touches_spec.rb:191[0m [36m# [STEP3] 仕上げのテスト ログインしていない場合のアクセス制限のテスト: アクセスできず、ログイン画面に遷移する 投稿一覧画面[0m
[31mrspec ./spec/system/03_finishing_touches_spec.rb:195[0m [36m# [STEP3] 仕上げのテスト ログインしていない場合のアクセス制限のテスト: アクセスできず、ログイン画面に遷移する 投稿詳細画面[0m
[31mrspec ./spec/system/03_finishing_touches_spec.rb:199[0m [36m# [STEP3] 仕上げのテスト ログインしていない場合のアクセス制限のテスト: アクセスできず、ログイン画面に遷移する 投稿編集画面[0m
[31mrspec ./spec/system/03_finishing_touches_spec.rb:219[0m [36m# [STEP3] 仕上げのテスト 他人の画面のテスト 他人の投稿詳細画面のテスト 表示内容の確認 URLが正しい[0m
[31mrspec ./spec/system/03_finishing_touches_spec.rb:222[0m [36m# [STEP3] 仕上げのテスト 他人の画面のテスト 他人の投稿詳細画面のテスト 表示内容の確認 「Book detail」と表示される[0m
[31mrspec ./spec/system/03_finishing_touches_spec.rb:225[0m [36m# [STEP3] 仕上げのテスト 他人の画面のテスト 他人の投稿詳細画面のテスト 表示内容の確認 ユーザ画像・名前のリンク先が正しい[0m
[31mrspec ./spec/system/03_finishing_touches_spec.rb:228[0m [36m# [STEP3] 仕上げのテスト 他人の画面のテスト 他人の投稿詳細画面のテスト 表示内容の確認 投稿のtitleが表示される[0m
[31mrspec ./spec/system/03_finishing_touches_spec.rb:231[0m [36m# [STEP3] 仕上げのテスト 他人の画面のテスト 他人の投稿詳細画面のテスト 表示内容の確認 投稿のopinionが表示される[0m
[31mrspec ./spec/system/03_finishing_touches_spec.rb:234[0m [36m# [STEP3] 仕上げのテスト 他人の画面のテスト 他人の投稿詳細画面のテスト 表示内容の確認 投稿の編集リンクが表示されない[0m
[31mrspec ./spec/system/03_finishing_touches_spec.rb:237[0m [36m# [STEP3] 仕上げのテスト 他人の画面のテスト 他人の投稿詳細画面のテスト 表示内容の確認 投稿の削除リンクが表示されない[0m
[31mrspec ./spec/system/03_finishing_touches_spec.rb:243[0m [36m# [STEP3] 仕上げのテスト 他人の画面のテスト 他人の投稿詳細画面のテスト サイドバーの確認 他人の名前と紹介文が表示される[0m
[31mrspec ./spec/system/03_finishing_touches_spec.rb:247[0m [36m# [STEP3] 仕上げのテスト 他人の画面のテスト 他人の投稿詳細画面のテスト サイドバーの確認 他人のユーザ編集画面へのリンクが存在する[0m
[31mrspec ./spec/system/03_finishing_touches_spec.rb:250[0m [36m# [STEP3] 仕上げのテスト 他人の画面のテスト 他人の投稿詳細画面のテスト サイドバーの確認 自分の名前と紹介文は表示されない[0m
[31mrspec ./spec/system/03_finishing_touches_spec.rb:254[0m [36m# [STEP3] 仕上げのテスト 他人の画面のテスト 他人の投稿詳細画面のテスト サイドバーの確認 自分のユーザ編集画面へのリンクは存在しない[0m
[31mrspec ./spec/system/03_finishing_touches_spec.rb:265[0m [36m# [STEP3] 仕上げのテスト 他人の画面のテスト 他人の投稿編集画面 遷移できず、投稿一覧画面にリダイレクトされる[0m
[31mrspec ./spec/system/03_finishing_touches_spec.rb:279[0m [36m# [STEP3] 仕上げのテスト 他人の画面のテスト 他人のユーザ詳細画面のテスト 表示の確認 URLが正しい[0m
[31mrspec ./spec/system/03_finishing_touches_spec.rb:282[0m [36m# [STEP3] 仕上げのテスト 他人の画面のテスト 他人のユーザ詳細画面のテスト 表示の確認 投稿一覧のユーザ画像のリンク先が正しい[0m
[31mrspec ./spec/system/03_finishing_touches_spec.rb:285[0m [36m# [STEP3] 仕上げのテスト 他人の画面のテスト 他人のユーザ詳細画面のテスト 表示の確認 投稿一覧に他人の投稿のtitleが表示され、リンクが正しい[0m
[31mrspec ./spec/system/03_finishing_touches_spec.rb:288[0m [36m# [STEP3] 仕上げのテスト 他人の画面のテスト 他人のユーザ詳細画面のテスト 表示の確認 投稿一覧に他人の投稿のopinionが表示される[0m
[31mrspec ./spec/system/03_finishing_touches_spec.rb:291[0m [36m# [STEP3] 仕上げのテスト 他人の画面のテスト 他人のユーザ詳細画面のテスト 表示の確認 自分の投稿は表示されない[0m
[31mrspec ./spec/system/03_finishing_touches_spec.rb:298[0m [36m# [STEP3] 仕上げのテスト 他人の画面のテスト 他人のユーザ詳細画面のテスト サイドバーの確認 他人の名前と紹介文が表示される[0m
[31mrspec ./spec/system/03_finishing_touches_spec.rb:302[0m [36m# [STEP3] 仕上げのテスト 他人の画面のテスト 他人のユーザ詳細画面のテスト サイドバーの確認 他人のユーザ編集画面へのリンクが存在する[0m
[31mrspec ./spec/system/03_finishing_touches_spec.rb:305[0m [36m# [STEP3] 仕上げのテスト 他人の画面のテスト 他人のユーザ詳細画面のテスト サイドバーの確認 自分の名前と紹介文は表示されない[0m
[31mrspec ./spec/system/03_finishing_touches_spec.rb:309[0m [36m# [STEP3] 仕上げのテスト 他人の画面のテスト 他人のユーザ詳細画面のテスト サイドバーの確認 自分のユーザ編集画面へのリンクは存在しない[0m
[31mrspec ./spec/system/03_finishing_touches_spec.rb:316[0m [36m# [STEP3] 仕上げのテスト 他人の画面のテスト 他人のユーザ情報編集画面 遷移できず、自分のユーザ詳細画面にリダイレクトされる[0m
[31mrspec ./spec/system/03_finishing_touches_spec.rb:333[0m [36m# [STEP3] 仕上げのテスト グリッドシステムのテスト: container, row, col-md-〇を正しく使えている ユーザ一覧画面[0m
[31mrspec ./spec/system/03_finishing_touches_spec.rb:338[0m [36m# [STEP3] 仕上げのテスト グリッドシステムのテスト: container, row, col-md-〇を正しく使えている ユーザ詳細画面[0m
[31mrspec ./spec/system/03_finishing_touches_spec.rb:343[0m [36m# [STEP3] 仕上げのテスト グリッドシステムのテスト: container, row, col-md-〇を正しく使えている 投稿一覧画面[0m
[31mrspec ./spec/system/03_finishing_touches_spec.rb:348[0m [36m# [STEP3] 仕上げのテスト グリッドシステムのテスト: container, row, col-md-〇を正しく使えている 投稿詳細画面[0m
[31mrspec ./spec/system/03_finishing_touches_spec.rb:363[0m [36m# [STEP3] 仕上げのテスト アイコンのテスト トップ画面 本のアイコンが表示される[0m
[31mrspec ./spec/system/03_finishing_touches_spec.rb:375[0m [36m# [STEP3] 仕上げのテスト アイコンのテスト アバウト画面 本のアイコンが表示される[0m
[31mrspec ./spec/system/03_finishing_touches_spec.rb:387[0m [36m# [STEP3] 仕上げのテスト アイコンのテスト ヘッダー: ログインしていない場合 Homeリンクのアイコンが表示される[0m
[31mrspec ./spec/system/03_finishing_touches_spec.rb:390[0m [36m# [STEP3] 仕上げのテスト アイコンのテスト ヘッダー: ログインしていない場合 Aboutリンクのアイコンが表示される[0m
[31mrspec ./spec/system/03_finishing_touches_spec.rb:393[0m [36m# [STEP3] 仕上げのテスト アイコンのテスト ヘッダー: ログインしていない場合 Sign upリンクのアイコンが表示される[0m
[31mrspec ./spec/system/03_finishing_touches_spec.rb:396[0m [36m# [STEP3] 仕上げのテスト アイコンのテスト ヘッダー: ログインしていない場合 Log inリンクのアイコンが表示される[0m
[31mrspec ./spec/system/03_finishing_touches_spec.rb:411[0m [36m# [STEP3] 仕上げのテスト アイコンのテスト ヘッダー: ログインしている場合 Homeリンクのアイコンが表示される[0m
[31mrspec ./spec/system/03_finishing_touches_spec.rb:414[0m [36m# [STEP3] 仕上げのテスト アイコンのテスト ヘッダー: ログインしている場合 Usersリンクのアイコンが表示される[0m
[31mrspec ./spec/system/03_finishing_touches_spec.rb:417[0m [36m# [STEP3] 仕上げのテスト アイコンのテスト ヘッダー: ログインしている場合 Booksリンクのアイコンが表示される[0m
[31mrspec ./spec/system/03_finishing_touches_spec.rb:420[0m [36m# [STEP3] 仕上げのテスト アイコンのテスト ヘッダー: ログインしている場合 Log outリンクのアイコンが表示される[0m
[31mrspec ./spec/system/03_finishing_touches_spec.rb:435[0m [36m# [STEP3] 仕上げのテスト アイコンのテスト サイドバー ユーザ一覧画面でレンチアイコンが表示される[0m
[31mrspec ./spec/system/03_finishing_touches_spec.rb:439[0m [36m# [STEP3] 仕上げのテスト アイコンのテスト サイドバー ユーザ詳細画面でレンチアイコンが表示される[0m
[31mrspec ./spec/system/03_finishing_touches_spec.rb:443[0m [36m# [STEP3] 仕上げのテスト アイコンのテスト サイドバー 投稿一覧画面でレンチアイコンが表示される[0m
[31mrspec ./spec/system/03_finishing_touches_spec.rb:447[0m [36m# [STEP3] 仕上げのテスト アイコンのテスト サイドバー 投稿詳細画面でレンチアイコンが表示される[0m

